Using pre-set license
Built from '2020.3/release' branch; Version is '2020.3.2f1 (8fd9074bf66c) revision 9427207'; Using compiler version '192528614'; Build Type 'Release'
OS: 'Windows 10 Home; OS build 18363.1440; Version 1909; 64bit' Language: 'sv' Physical Memory: 16282 MB
BatchMode: 1, IsHumanControllingUs: 0, StartBugReporterOnCrash: 0, Is64bit: 1, IsPro: 0

 COMMAND LINE ARGUMENTS:
D:\UNITY\Installs\2020.3.2f1\Editor\Unity.exe
-adb2
-batchMode
-noUpm
-name
AssetImportWorker0
-projectPath
C:/Users/Kalle Carmback/Documents/GitHub/GD20 TOPDOWN
-logFile
Logs/AssetImportWorker0.log
-srvPort
62051
Successfully changed project path to: C:/Users/Kalle Carmback/Documents/GitHub/GD20 TOPDOWN
C:/Users/Kalle Carmback/Documents/GitHub/GD20 TOPDOWN
Using Asset Import Pipeline V2.
Refreshing native plugins compatible for Editor in 101.45 ms, found 1 plugins.
Preloading 0 native plugins for Editor in 0.00 ms.
Initialize engine version: 2020.3.2f1 (8fd9074bf66c)
[Subsystems] Discovering subsystems at path D:/UNITY/Installs/2020.3.2f1/Editor/Data/Resources/UnitySubsystems
[Subsystems] Discovering subsystems at path C:/Users/Kalle Carmback/Documents/GitHub/GD20 TOPDOWN/Assets
GfxDevice: creating device client; threaded=0
Direct3D:
    Version:  Direct3D 11.0 [level 11.1]
    Renderer: NVIDIA GeForce GTX 1660 Ti (ID=0x2191)
    Vendor:   
    VRAM:     5991 MB
    Driver:   27.21.14.6089
Initialize mono
Mono path[0] = 'D:/UNITY/Installs/2020.3.2f1/Editor/Data/Managed'
Mono path[1] = 'D:/UNITY/Installs/2020.3.2f1/Editor/Data/MonoBleedingEdge/lib/mono/unityjit'
Mono config path = 'D:/UNITY/Installs/2020.3.2f1/Editor/Data/MonoBleedingEdge/etc'
Using monoOptions --debugger-agent=transport=dt_socket,embedding=1,server=y,suspend=n,address=127.0.0.1:56260
Begin MonoManager ReloadAssembly
Registering precompiled unity dll's ...
Register platform support module: D:/UNITY/Installs/2020.3.2f1/Editor/Data/PlaybackEngines/MacStandaloneSupport/UnityEditor.OSXStandalone.Extensions.dll
Register platform support module: D:/UNITY/Installs/2020.3.2f1/Editor/Data/PlaybackEngines/WindowsStandaloneSupport/UnityEditor.WindowsStandalone.Extensions.dll
Registered in 0.004765 seconds.
Native extension for WindowsStandalone target not found
Native extension for OSXStandalone target not found
Refreshing native plugins compatible for Editor in 135.09 ms, found 1 plugins.
Preloading 0 native plugins for Editor in 0.00 ms.
Invoked RoslynAnalysisRunner static constructor.
RoslynAnalysisRunner will not be running.
RoslynAnalysisRunner has terminated.
Mono: successfully reloaded assembly
- Completed reload, in  4.213 seconds
Platform modules already initialized, skipping
Registering precompiled user dll's ...
Registered in 0.004592 seconds.
Begin MonoManager ReloadAssembly
Native extension for WindowsStandalone target not found
Native extension for OSXStandalone target not found
Refreshing native plugins compatible for Editor in 105.69 ms, found 1 plugins.
Preloading 0 native plugins for Editor in 0.00 ms.
Invoked RoslynAnalysisRunner static constructor.
RoslynAnalysisRunner will not be running.
RoslynAnalysisRunner has terminated.
Mono: successfully reloaded assembly
- Completed reload, in  2.227 seconds
Platform modules already initialized, skipping
========================================================================
Worker process is ready to serve import requests
Launched and connected shader compiler UnityShaderCompiler.exe after 0.12 seconds
Refreshing native plugins compatible for Editor in 0.60 ms, found 1 plugins.
Preloading 0 native plugins for Editor in 0.00 ms.
Unloading 1814 Unused Serialized files (Serialized files now loaded: 0)
System memory in use before: 84.9 MB.
System memory in use after: 84.9 MB.

Unloading 19 unused Assets to reduce memory usage. Loaded Objects now: 2261.
Total: 3.906400 ms (FindLiveObjects: 0.314700 ms CreateObjectMapping: 0.150900 ms MarkObjects: 3.303900 ms  DeleteObjects: 0.135000 ms)

========================================================================
Received Import Request.
  path: Assets/Scripts/HumanMovement.cs
  artifactKey: Guid(8f593d16ff11c334099e3337e518d512) Importer(815301076,1909f56bfc062723c751e8b465ee728b)
Start importing Assets/Scripts/HumanMovement.cs using Guid(8f593d16ff11c334099e3337e518d512) Importer(815301076,1909f56bfc062723c751e8b465ee728b)  -> (artifact id: 'cd259139607e18db997fe7672e353c33') in 0.151051 seconds
  Import took 0.161363 seconds .

========================================================================
Received Import Request.
  Time since last request: 39.935535 seconds.
  path: Assets/Scripts/BetterCarMovement.cs
  artifactKey: Guid(eeb74d6f9333ce746bb3982b78b54973) Importer(815301076,1909f56bfc062723c751e8b465ee728b)
Start importing Assets/Scripts/BetterCarMovement.cs using Guid(eeb74d6f9333ce746bb3982b78b54973) Importer(815301076,1909f56bfc062723c751e8b465ee728b)  -> (artifact id: 'c6da2b2c1e130bda3c6c3db3892bf15a') in 0.010675 seconds
  Import took 0.017822 seconds .

========================================================================
Received Prepare
Registering precompiled user dll's ...
Registered in 0.001436 seconds.
Begin MonoManager ReloadAssembly
Native extension for WindowsStandalone target not found
Native extension for OSXStandalone target not found
Refreshing native plugins compatible for Editor in 0.81 ms, found 1 plugins.
Preloading 0 native plugins for Editor in 0.00 ms.
Invoked RoslynAnalysisRunner static constructor.
RoslynAnalysisRunner will not be running.
RoslynAnalysisRunner has terminated.
Mono: successfully reloaded assembly
- Completed reload, in  3.306 seconds
Platform modules already initialized, skipping
Refreshing native plugins compatible for Editor in 0.37 ms, found 1 plugins.
Preloading 0 native plugins for Editor in 0.00 ms.
Unloading 1804 Unused Serialized files (Serialized files now loaded: 0)
System memory in use before: 84.3 MB.
System memory in use after: 84.4 MB.

Unloading 8 unused Assets to reduce memory usage. Loaded Objects now: 2264.
Total: 4.747200 ms (FindLiveObjects: 0.628000 ms CreateObjectMapping: 0.234300 ms MarkObjects: 3.847600 ms  DeleteObjects: 0.034700 ms)

========================================================================
Received Prepare
Registering precompiled user dll's ...
Registered in 0.001222 seconds.
Begin MonoManager ReloadAssembly
Native extension for WindowsStandalone target not found
Native extension for OSXStandalone target not found
Refreshing native plugins compatible for Editor in 0.68 ms, found 1 plugins.
Preloading 0 native plugins for Editor in 0.00 ms.
Invoked RoslynAnalysisRunner static constructor.
RoslynAnalysisRunner will not be running.
RoslynAnalysisRunner has terminated.
Mono: successfully reloaded assembly
- Completed reload, in  2.291 seconds
Platform modules already initialized, skipping
Refreshing native plugins compatible for Editor in 0.62 ms, found 1 plugins.
Preloading 0 native plugins for Editor in 0.00 ms.
Unloading 1804 Unused Serialized files (Serialized files now loaded: 0)
System memory in use before: 84.4 MB.
System memory in use after: 84.5 MB.

Unloading 8 unused Assets to reduce memory usage. Loaded Objects now: 2267.
Total: 2.449700 ms (FindLiveObjects: 0.264900 ms CreateObjectMapping: 0.106300 ms MarkObjects: 2.059400 ms  DeleteObjects: 0.017800 ms)

========================================================================
Received Prepare
Registering precompiled user dll's ...
Registered in 0.001451 seconds.
Begin MonoManager ReloadAssembly
Native extension for WindowsStandalone target not found
Native extension for OSXStandalone target not found
Refreshing native plugins compatible for Editor in 0.51 ms, found 1 plugins.
Preloading 0 native plugins for Editor in 0.00 ms.
Invoked RoslynAnalysisRunner static constructor.
RoslynAnalysisRunner will not be running.
RoslynAnalysisRunner has terminated.
Mono: successfully reloaded assembly
- Completed reload, in  2.883 seconds
Platform modules already initialized, skipping
Refreshing native plugins compatible for Editor in 0.74 ms, found 1 plugins.
Preloading 0 native plugins for Editor in 0.00 ms.
Unloading 1804 Unused Serialized files (Serialized files now loaded: 0)
System memory in use before: 84.4 MB.
System memory in use after: 84.5 MB.

Unloading 8 unused Assets to reduce memory usage. Loaded Objects now: 2270.
Total: 4.525700 ms (FindLiveObjects: 0.332400 ms CreateObjectMapping: 0.193700 ms MarkObjects: 3.954700 ms  DeleteObjects: 0.042400 ms)

========================================================================
Received Prepare
Registering precompiled user dll's ...
Registered in 0.001233 seconds.
Begin MonoManager ReloadAssembly
Native extension for WindowsStandalone target not found
Native extension for OSXStandalone target not found
Refreshing native plugins compatible for Editor in 0.97 ms, found 1 plugins.
Preloading 0 native plugins for Editor in 0.00 ms.
Invoked RoslynAnalysisRunner static constructor.
RoslynAnalysisRunner will not be running.
RoslynAnalysisRunner has terminated.
Mono: successfully reloaded assembly
- Completed reload, in  3.531 seconds
Platform modules already initialized, skipping
Refreshing native plugins compatible for Editor in 0.49 ms, found 1 plugins.
Preloading 0 native plugins for Editor in 0.00 ms.
Unloading 1804 Unused Serialized files (Serialized files now loaded: 0)
System memory in use before: 84.4 MB.
System memory in use after: 84.5 MB.

Unloading 8 unused Assets to reduce memory usage. Loaded Objects now: 2273.
Total: 2.911200 ms (FindLiveObjects: 0.333700 ms CreateObjectMapping: 0.125100 ms MarkObjects: 2.427700 ms  DeleteObjects: 0.022700 ms)

========================================================================
Received Prepare
Registering precompiled user dll's ...
Registered in 0.002374 seconds.
Begin MonoManager ReloadAssembly
Native extension for WindowsStandalone target not found
Native extension for OSXStandalone target not found
Refreshing native plugins compatible for Editor in 0.93 ms, found 1 plugins.
Preloading 0 native plugins for Editor in 0.00 ms.
Invoked RoslynAnalysisRunner static constructor.
RoslynAnalysisRunner will not be running.
RoslynAnalysisRunner has terminated.
Mono: successfully reloaded assembly
- Completed reload, in  2.781 seconds
Platform modules already initialized, skipping
Refreshing native plugins compatible for Editor in 0.51 ms, found 1 plugins.
Preloading 0 native plugins for Editor in 0.00 ms.
Unloading 1804 Unused Serialized files (Serialized files now loaded: 0)
System memory in use before: 84.4 MB.
System memory in use after: 84.5 MB.

Unloading 8 unused Assets to reduce memory usage. Loaded Objects now: 2276.
Total: 6.604900 ms (FindLiveObjects: 0.628600 ms CreateObjectMapping: 0.310200 ms MarkObjects: 5.615600 ms  DeleteObjects: 0.047100 ms)

========================================================================
Received Import Request.
  Time since last request: 6086.083784 seconds.
  path: Assets/Scripts/PlayerInput.cs
  artifactKey: Guid(d9494537a69a95b498e20fdd36ec096b) Importer(815301076,1909f56bfc062723c751e8b465ee728b)
Start importing Assets/Scripts/PlayerInput.cs using Guid(d9494537a69a95b498e20fdd36ec096b) Importer(815301076,1909f56bfc062723c751e8b465ee728b)  -> (artifact id: '0aee7965eb293f61e041139ccd436acb') in 0.026593 seconds
  Import took 0.039135 seconds .

========================================================================
Received Import Request.
  Time since last request: 0.010662 seconds.
  path: Assets/Scripts/PlayerInput.cs
  artifactKey: Guid(d9494537a69a95b498e20fdd36ec096b) Importer(815301076,1909f56bfc062723c751e8b465ee728b)
Start importing Assets/Scripts/PlayerInput.cs using Guid(d9494537a69a95b498e20fdd36ec096b) Importer(815301076,1909f56bfc062723c751e8b465ee728b)  -> (artifact id: '0aee7965eb293f61e041139ccd436acb') in 0.006838 seconds
  Import took 0.016868 seconds .

========================================================================
Received Prepare
Registering precompiled user dll's ...
Registered in 0.001602 seconds.
Begin MonoManager ReloadAssembly
Native extension for WindowsStandalone target not found
Native extension for OSXStandalone target not found
Refreshing native plugins compatible for Editor in 0.64 ms, found 1 plugins.
Preloading 0 native plugins for Editor in 0.00 ms.
Invoked RoslynAnalysisRunner static constructor.
RoslynAnalysisRunner will not be running.
RoslynAnalysisRunner has terminated.
Mono: successfully reloaded assembly
- Completed reload, in  1.550 seconds
Platform modules already initialized, skipping
Refreshing native plugins compatible for Editor in 0.41 ms, found 1 plugins.
Preloading 0 native plugins for Editor in 0.00 ms.
Unloading 1805 Unused Serialized files (Serialized files now loaded: 0)
System memory in use before: 84.4 MB.
System memory in use after: 84.5 MB.

Unloading 8 unused Assets to reduce memory usage. Loaded Objects now: 2280.
Total: 5.086700 ms (FindLiveObjects: 0.550000 ms CreateObjectMapping: 0.324900 ms MarkObjects: 4.187000 ms  DeleteObjects: 0.022200 ms)

========================================================================
Received Prepare
Registering precompiled user dll's ...
Registered in 0.001059 seconds.
Begin MonoManager ReloadAssembly
Native extension for WindowsStandalone target not found
Native extension for OSXStandalone target not found
Refreshing native plugins compatible for Editor in 0.93 ms, found 1 plugins.
Preloading 0 native plugins for Editor in 0.00 ms.
Invoked RoslynAnalysisRunner static constructor.
RoslynAnalysisRunner will not be running.
RoslynAnalysisRunner has terminated.
Mono: successfully reloaded assembly
- Completed reload, in  1.865 seconds
Platform modules already initialized, skipping
Refreshing native plugins compatible for Editor in 0.71 ms, found 1 plugins.
Preloading 0 native plugins for Editor in 0.00 ms.
Unloading 1805 Unused Serialized files (Serialized files now loaded: 0)
System memory in use before: 84.4 MB.
System memory in use after: 84.6 MB.

Unloading 8 unused Assets to reduce memory usage. Loaded Objects now: 2283.
Total: 3.959700 ms (FindLiveObjects: 0.321500 ms CreateObjectMapping: 0.148800 ms MarkObjects: 3.451800 ms  DeleteObjects: 0.035300 ms)

========================================================================
Received Prepare
Registering precompiled user dll's ...
Registered in 0.001478 seconds.
Begin MonoManager ReloadAssembly
Native extension for WindowsStandalone target not found
Native extension for OSXStandalone target not found
Refreshing native plugins compatible for Editor in 0.34 ms, found 1 plugins.
Preloading 0 native plugins for Editor in 0.00 ms.
Invoked RoslynAnalysisRunner static constructor.
RoslynAnalysisRunner will not be running.
RoslynAnalysisRunner has terminated.
Mono: successfully reloaded assembly
- Completed reload, in  1.144 seconds
Platform modules already initialized, skipping
Refreshing native plugins compatible for Editor in 0.55 ms, found 1 plugins.
Preloading 0 native plugins for Editor in 0.00 ms.
Unloading 1805 Unused Serialized files (Serialized files now loaded: 0)
System memory in use before: 84.5 MB.
System memory in use after: 84.6 MB.

Unloading 8 unused Assets to reduce memory usage. Loaded Objects now: 2286.
Total: 2.157900 ms (FindLiveObjects: 0.203600 ms CreateObjectMapping: 0.069700 ms MarkObjects: 1.862100 ms  DeleteObjects: 0.021400 ms)

========================================================================
Received Prepare
Registering precompiled user dll's ...
Registered in 0.001011 seconds.
Begin MonoManager ReloadAssembly
Native extension for WindowsStandalone target not found
Native extension for OSXStandalone target not found
Refreshing native plugins compatible for Editor in 0.36 ms, found 1 plugins.
Preloading 0 native plugins for Editor in 0.00 ms.
Invoked RoslynAnalysisRunner static constructor.
RoslynAnalysisRunner will not be running.
RoslynAnalysisRunner has terminated.
Mono: successfully reloaded assembly
- Completed reload, in  1.448 seconds
Platform modules already initialized, skipping
Refreshing native plugins compatible for Editor in 0.42 ms, found 1 plugins.
Preloading 0 native plugins for Editor in 0.00 ms.
Unloading 1805 Unused Serialized files (Serialized files now loaded: 0)
System memory in use before: 84.5 MB.
System memory in use after: 84.6 MB.

Unloading 8 unused Assets to reduce memory usage. Loaded Objects now: 2289.
Total: 2.042300 ms (FindLiveObjects: 0.172400 ms CreateObjectMapping: 0.061000 ms MarkObjects: 1.791400 ms  DeleteObjects: 0.016500 ms)

========================================================================
Received Prepare
Registering precompiled user dll's ...
Registered in 0.002768 seconds.
Begin MonoManager ReloadAssembly
Native extension for WindowsStandalone target not found
Native extension for OSXStandalone target not found
Refreshing native plugins compatible for Editor in 1.05 ms, found 1 plugins.
Preloading 0 native plugins for Editor in 0.00 ms.
Invoked RoslynAnalysisRunner static constructor.
RoslynAnalysisRunner will not be running.
RoslynAnalysisRunner has terminated.
Mono: successfully reloaded assembly
- Completed reload, in  2.063 seconds
Platform modules already initialized, skipping
Refreshing native plugins compatible for Editor in 0.54 ms, found 1 plugins.
Preloading 0 native plugins for Editor in 0.00 ms.
Unloading 1805 Unused Serialized files (Serialized files now loaded: 0)
System memory in use before: 84.5 MB.
System memory in use after: 84.6 MB.

Unloading 8 unused Assets to reduce memory usage. Loaded Objects now: 2292.
Total: 3.253800 ms (FindLiveObjects: 0.287500 ms CreateObjectMapping: 0.136600 ms MarkObjects: 2.802800 ms  DeleteObjects: 0.025200 ms)

========================================================================
Received Prepare
Registering precompiled user dll's ...
Registered in 0.000957 seconds.
Begin MonoManager ReloadAssembly
Native extension for WindowsStandalone target not found
Native extension for OSXStandalone target not found
Refreshing native plugins compatible for Editor in 0.32 ms, found 1 plugins.
Preloading 0 native plugins for Editor in 0.00 ms.
Invoked RoslynAnalysisRunner static constructor.
RoslynAnalysisRunner will not be running.
RoslynAnalysisRunner has terminated.
Mono: successfully reloaded assembly
- Completed reload, in  0.879 seconds
Platform modules already initialized, skipping
Refreshing native plugins compatible for Editor in 0.46 ms, found 1 plugins.
Preloading 0 native plugins for Editor in 0.00 ms.
Unloading 1805 Unused Serialized files (Serialized files now loaded: 0)
System memory in use before: 84.5 MB.
System memory in use after: 84.6 MB.

Unloading 8 unused Assets to reduce memory usage. Loaded Objects now: 2295.
Total: 15.579600 ms (FindLiveObjects: 0.203000 ms CreateObjectMapping: 0.066400 ms MarkObjects: 15.253600 ms  DeleteObjects: 0.053900 ms)

========================================================================
Received Prepare
Registering precompiled user dll's ...
Registered in 0.000980 seconds.
Begin MonoManager ReloadAssembly
Native extension for WindowsStandalone target not found
Native extension for OSXStandalone target not found
Refreshing native plugins compatible for Editor in 0.53 ms, found 1 plugins.
Preloading 0 native plugins for Editor in 0.00 ms.
Invoked RoslynAnalysisRunner static constructor.
RoslynAnalysisRunner will not be running.
RoslynAnalysisRunner has terminated.
Mono: successfully reloaded assembly
- Completed reload, in  0.860 seconds
Platform modules already initialized, skipping
Refreshing native plugins compatible for Editor in 0.48 ms, found 1 plugins.
Preloading 0 native plugins for Editor in 0.00 ms.
Unloading 1805 Unused Serialized files (Serialized files now loaded: 0)
System memory in use before: 84.5 MB.
System memory in use after: 84.6 MB.

Unloading 8 unused Assets to reduce memory usage. Loaded Objects now: 2298.
Total: 2.345100 ms (FindLiveObjects: 0.406000 ms CreateObjectMapping: 0.099400 ms MarkObjects: 1.823000 ms  DeleteObjects: 0.015400 ms)

========================================================================
Received Prepare
Registering precompiled user dll's ...
Registered in 0.000858 seconds.
Begin MonoManager ReloadAssembly
Native extension for WindowsStandalone target not found
Native extension for OSXStandalone target not found
Refreshing native plugins compatible for Editor in 0.43 ms, found 1 plugins.
Preloading 0 native plugins for Editor in 0.00 ms.
Invoked RoslynAnalysisRunner static constructor.
RoslynAnalysisRunner will not be running.
RoslynAnalysisRunner has terminated.
Mono: successfully reloaded assembly
- Completed reload, in  0.938 seconds
Platform modules already initialized, skipping
Refreshing native plugins compatible for Editor in 0.39 ms, found 1 plugins.
Preloading 0 native plugins for Editor in 0.00 ms.
Unloading 1805 Unused Serialized files (Serialized files now loaded: 0)
System memory in use before: 84.5 MB.
System memory in use after: 84.6 MB.

Unloading 8 unused Assets to reduce memory usage. Loaded Objects now: 2301.
Total: 2.300400 ms (FindLiveObjects: 0.212400 ms CreateObjectMapping: 0.077400 ms MarkObjects: 1.987800 ms  DeleteObjects: 0.021700 ms)

========================================================================
Received Prepare
Registering precompiled user dll's ...
Registered in 0.001081 seconds.
Begin MonoManager ReloadAssembly
Native extension for WindowsStandalone target not found
Native extension for OSXStandalone target not found
Refreshing native plugins compatible for Editor in 0.38 ms, found 1 plugins.
Preloading 0 native plugins for Editor in 0.00 ms.
Invoked RoslynAnalysisRunner static constructor.
RoslynAnalysisRunner will not be running.
RoslynAnalysisRunner has terminated.
Mono: successfully reloaded assembly
- Completed reload, in  0.958 seconds
Platform modules already initialized, skipping
Refreshing native plugins compatible for Editor in 0.44 ms, found 1 plugins.
Preloading 0 native plugins for Editor in 0.00 ms.
Unloading 1805 Unused Serialized files (Serialized files now loaded: 0)
System memory in use before: 84.5 MB.
System memory in use after: 84.6 MB.

Unloading 8 unused Assets to reduce memory usage. Loaded Objects now: 2304.
Total: 3.755300 ms (FindLiveObjects: 0.521100 ms CreateObjectMapping: 0.200800 ms MarkObjects: 3.007400 ms  DeleteObjects: 0.024300 ms)

========================================================================
Received Prepare
Registering precompiled user dll's ...
Registered in 0.000871 seconds.
Begin MonoManager ReloadAssembly
Native extension for WindowsStandalone target not found
Native extension for OSXStandalone target not found
Refreshing native plugins compatible for Editor in 0.34 ms, found 1 plugins.
Preloading 0 native plugins for Editor in 0.00 ms.
Invoked RoslynAnalysisRunner static constructor.
RoslynAnalysisRunner will not be running.
RoslynAnalysisRunner has terminated.
Mono: successfully reloaded assembly
- Completed reload, in  0.833 seconds
Platform modules already initialized, skipping
Refreshing native plugins compatible for Editor in 0.34 ms, found 1 plugins.
Preloading 0 native plugins for Editor in 0.00 ms.
Unloading 1805 Unused Serialized files (Serialized files now loaded: 0)
System memory in use before: 84.5 MB.
System memory in use after: 84.6 MB.

Unloading 8 unused Assets to reduce memory usage. Loaded Objects now: 2307.
Total: 1.986500 ms (FindLiveObjects: 0.171900 ms CreateObjectMapping: 0.060600 ms MarkObjects: 1.739900 ms  DeleteObjects: 0.012900 ms)

========================================================================
Received Import Request.
  Time since last request: 4983.823234 seconds.
  path: ProjectSettings/TagManager.asset
  artifactKey: Guid(00000000000000003000000000000000) Importer(815301076,1909f56bfc062723c751e8b465ee728b)
Start importing ProjectSettings/TagManager.asset using Guid(00000000000000003000000000000000) Importer(815301076,1909f56bfc062723c751e8b465ee728b)  -> (artifact id: '837c7e046774477854535a87ba86bfce') in 0.095941 seconds
  Import took 0.102529 seconds .

========================================================================
Received Prepare
Registering precompiled user dll's ...
Registered in 0.001065 seconds.
Begin MonoManager ReloadAssembly
Native extension for WindowsStandalone target not found
Native extension for OSXStandalone target not found
Refreshing native plugins compatible for Editor in 0.31 ms, found 1 plugins.
Preloading 0 native plugins for Editor in 0.00 ms.
Invoked RoslynAnalysisRunner static constructor.
RoslynAnalysisRunner will not be running.
RoslynAnalysisRunner has terminated.
Mono: successfully reloaded assembly
- Completed reload, in  0.719 seconds
Platform modules already initialized, skipping
Refreshing native plugins compatible for Editor in 0.28 ms, found 1 plugins.
Preloading 0 native plugins for Editor in 0.00 ms.
Unloading 1805 Unused Serialized files (Serialized files now loaded: 0)
System memory in use before: 84.5 MB.
System memory in use after: 84.6 MB.

Unloading 9 unused Assets to reduce memory usage. Loaded Objects now: 2310.
Total: 1.712400 ms (FindLiveObjects: 0.146400 ms CreateObjectMapping: 0.055800 ms MarkObjects: 1.496600 ms  DeleteObjects: 0.012900 ms)

========================================================================
Received Prepare
Registering precompiled user dll's ...
Registered in 0.000876 seconds.
Begin MonoManager ReloadAssembly
Native extension for WindowsStandalone target not found
Native extension for OSXStandalone target not found
Refreshing native plugins compatible for Editor in 0.41 ms, found 1 plugins.
Preloading 0 native plugins for Editor in 0.00 ms.
Invoked RoslynAnalysisRunner static constructor.
RoslynAnalysisRunner will not be running.
RoslynAnalysisRunner has terminated.
Mono: successfully reloaded assembly
- Completed reload, in  0.732 seconds
Platform modules already initialized, skipping
Refreshing native plugins compatible for Editor in 0.31 ms, found 1 plugins.
Preloading 0 native plugins for Editor in 0.00 ms.
Unloading 1805 Unused Serialized files (Serialized files now loaded: 0)
System memory in use before: 84.5 MB.
System memory in use after: 84.6 MB.

Unloading 8 unused Assets to reduce memory usage. Loaded Objects now: 2313.
Total: 1.986000 ms (FindLiveObjects: 0.169200 ms CreateObjectMapping: 0.060800 ms MarkObjects: 1.743900 ms  DeleteObjects: 0.011300 ms)

========================================================================
Received Prepare
Registering precompiled user dll's ...
Registered in 0.000856 seconds.
Begin MonoManager ReloadAssembly
Native extension for WindowsStandalone target not found
Native extension for OSXStandalone target not found
Refreshing native plugins compatible for Editor in 0.32 ms, found 1 plugins.
Preloading 0 native plugins for Editor in 0.00 ms.
Invoked RoslynAnalysisRunner static constructor.
RoslynAnalysisRunner will not be running.
RoslynAnalysisRunner has terminated.
Mono: successfully reloaded assembly
- Completed reload, in  0.752 seconds
Platform modules already initialized, skipping
Refreshing native plugins compatible for Editor in 0.39 ms, found 1 plugins.
Preloading 0 native plugins for Editor in 0.00 ms.
Unloading 1805 Unused Serialized files (Serialized files now loaded: 0)
System memory in use before: 84.5 MB.
System memory in use after: 84.7 MB.

Unloading 8 unused Assets to reduce memory usage. Loaded Objects now: 2316.
Total: 1.929900 ms (FindLiveObjects: 0.189100 ms CreateObjectMapping: 0.059000 ms MarkObjects: 1.664000 ms  DeleteObjects: 0.017000 ms)

========================================================================
Received Prepare
Registering precompiled user dll's ...
Registered in 0.000819 seconds.
Begin MonoManager ReloadAssembly
Native extension for WindowsStandalone target not found
Native extension for OSXStandalone target not found
Refreshing native plugins compatible for Editor in 0.33 ms, found 1 plugins.
Preloading 0 native plugins for Editor in 0.00 ms.
Invoked RoslynAnalysisRunner static constructor.
RoslynAnalysisRunner will not be running.
RoslynAnalysisRunner has terminated.
Mono: successfully reloaded assembly
- Completed reload, in  0.765 seconds
Platform modules already initialized, skipping
Refreshing native plugins compatible for Editor in 0.33 ms, found 1 plugins.
Preloading 0 native plugins for Editor in 0.00 ms.
Unloading 1805 Unused Serialized files (Serialized files now loaded: 0)
System memory in use before: 84.5 MB.
System memory in use after: 84.7 MB.

Unloading 8 unused Assets to reduce memory usage. Loaded Objects now: 2319.
Total: 2.056600 ms (FindLiveObjects: 0.181300 ms CreateObjectMapping: 0.065100 ms MarkObjects: 1.797500 ms  DeleteObjects: 0.011900 ms)

========================================================================
Received Prepare
Registering precompiled user dll's ...
Registered in 0.001008 seconds.
Begin MonoManager ReloadAssembly
Native extension for WindowsStandalone target not found
Native extension for OSXStandalone target not found
Refreshing native plugins compatible for Editor in 0.31 ms, found 1 plugins.
Preloading 0 native plugins for Editor in 0.00 ms.
Invoked RoslynAnalysisRunner static constructor.
RoslynAnalysisRunner will not be running.
RoslynAnalysisRunner has terminated.
Mono: successfully reloaded assembly
- Completed reload, in  0.878 seconds
Platform modules already initialized, skipping
Refreshing native plugins compatible for Editor in 0.32 ms, found 1 plugins.
Preloading 0 native plugins for Editor in 0.00 ms.
Unloading 1805 Unused Serialized files (Serialized files now loaded: 0)
System memory in use before: 84.6 MB.
System memory in use after: 84.7 MB.

Unloading 8 unused Assets to reduce memory usage. Loaded Objects now: 2322.
Total: 2.529500 ms (FindLiveObjects: 0.258100 ms CreateObjectMapping: 0.117500 ms MarkObjects: 2.133800 ms  DeleteObjects: 0.018700 ms)

========================================================================
Received Prepare
Registering precompiled user dll's ...
Registered in 0.000907 seconds.
Begin MonoManager ReloadAssembly
Native extension for WindowsStandalone target not found
Native extension for OSXStandalone target not found
Refreshing native plugins compatible for Editor in 0.31 ms, found 1 plugins.
Preloading 0 native plugins for Editor in 0.00 ms.
Invoked RoslynAnalysisRunner static constructor.
RoslynAnalysisRunner will not be running.
RoslynAnalysisRunner has terminated.
Mono: successfully reloaded assembly
- Completed reload, in  0.753 seconds
Platform modules already initialized, skipping
Refreshing native plugins compatible for Editor in 0.31 ms, found 1 plugins.
Preloading 0 native plugins for Editor in 0.00 ms.
Unloading 1805 Unused Serialized files (Serialized files now loaded: 0)
System memory in use before: 84.6 MB.
System memory in use after: 84.7 MB.

Unloading 8 unused Assets to reduce memory usage. Loaded Objects now: 2325.
Total: 2.158600 ms (FindLiveObjects: 0.201400 ms CreateObjectMapping: 0.086100 ms MarkObjects: 1.856600 ms  DeleteObjects: 0.013600 ms)

========================================================================
Received Prepare
Registering precompiled user dll's ...
Registered in 0.001230 seconds.
Begin MonoManager ReloadAssembly
Native extension for WindowsStandalone target not found
Native extension for OSXStandalone target not found
Refreshing native plugins compatible for Editor in 0.33 ms, found 1 plugins.
Preloading 0 native plugins for Editor in 0.00 ms.
Invoked RoslynAnalysisRunner static constructor.
RoslynAnalysisRunner will not be running.
RoslynAnalysisRunner has terminated.
Mono: successfully reloaded assembly
- Completed reload, in  0.838 seconds
Platform modules already initialized, skipping
Refreshing native plugins compatible for Editor in 0.34 ms, found 1 plugins.
Preloading 0 native plugins for Editor in 0.00 ms.
Unloading 1805 Unused Serialized files (Serialized files now loaded: 0)
System memory in use before: 84.6 MB.
System memory in use after: 84.7 MB.

Unloading 8 unused Assets to reduce memory usage. Loaded Objects now: 2328.
Total: 2.115700 ms (FindLiveObjects: 0.215400 ms CreateObjectMapping: 0.079100 ms MarkObjects: 1.805700 ms  DeleteObjects: 0.014500 ms)

========================================================================
Received Prepare
Registering precompiled user dll's ...
Registered in 0.000931 seconds.
Begin MonoManager ReloadAssembly
Native extension for WindowsStandalone target not found
Native extension for OSXStandalone target not found
Refreshing native plugins compatible for Editor in 0.33 ms, found 1 plugins.
Preloading 0 native plugins for Editor in 0.00 ms.
Invoked RoslynAnalysisRunner static constructor.
RoslynAnalysisRunner will not be running.
RoslynAnalysisRunner has terminated.
Mono: successfully reloaded assembly
- Completed reload, in  0.752 seconds
Platform modules already initialized, skipping
Refreshing native plugins compatible for Editor in 0.30 ms, found 1 plugins.
Preloading 0 native plugins for Editor in 0.00 ms.
Unloading 1805 Unused Serialized files (Serialized files now loaded: 0)
System memory in use before: 84.6 MB.
System memory in use after: 84.7 MB.

Unloading 8 unused Assets to reduce memory usage. Loaded Objects now: 2331.
Total: 2.072700 ms (FindLiveObjects: 0.170900 ms CreateObjectMapping: 0.053700 ms MarkObjects: 1.833800 ms  DeleteObjects: 0.013700 ms)

========================================================================
Received Prepare
Registering precompiled user dll's ...
Registered in 0.001218 seconds.
Begin MonoManager ReloadAssembly
Native extension for WindowsStandalone target not found
Native extension for OSXStandalone target not found
Refreshing native plugins compatible for Editor in 0.31 ms, found 1 plugins.
Preloading 0 native plugins for Editor in 0.00 ms.
Invoked RoslynAnalysisRunner static constructor.
RoslynAnalysisRunner will not be running.
RoslynAnalysisRunner has terminated.
Mono: successfully reloaded assembly
- Completed reload, in  0.802 seconds
Platform modules already initialized, skipping
Refreshing native plugins compatible for Editor in 0.31 ms, found 1 plugins.
Preloading 0 native plugins for Editor in 0.00 ms.
Unloading 1805 Unused Serialized files (Serialized files now loaded: 0)
System memory in use before: 84.6 MB.
System memory in use after: 84.7 MB.

Unloading 8 unused Assets to reduce memory usage. Loaded Objects now: 2334.
Total: 1.907800 ms (FindLiveObjects: 0.198700 ms CreateObjectMapping: 0.084700 ms MarkObjects: 1.608200 ms  DeleteObjects: 0.015000 ms)

========================================================================
Received Prepare
Registering precompiled user dll's ...
Registered in 0.000848 seconds.
Begin MonoManager ReloadAssembly
Native extension for WindowsStandalone target not found
Native extension for OSXStandalone target not found
Refreshing native plugins compatible for Editor in 0.31 ms, found 1 plugins.
Preloading 0 native plugins for Editor in 0.00 ms.
Invoked RoslynAnalysisRunner static constructor.
RoslynAnalysisRunner will not be running.
RoslynAnalysisRunner has terminated.
Mono: successfully reloaded assembly
- Completed reload, in  0.868 seconds
Platform modules already initialized, skipping
Refreshing native plugins compatible for Editor in 0.32 ms, found 1 plugins.
Preloading 0 native plugins for Editor in 0.00 ms.
Unloading 1805 Unused Serialized files (Serialized files now loaded: 0)
System memory in use before: 84.6 MB.
System memory in use after: 84.7 MB.

Unloading 8 unused Assets to reduce memory usage. Loaded Objects now: 2337.
Total: 2.030100 ms (FindLiveObjects: 0.172400 ms CreateObjectMapping: 0.065500 ms MarkObjects: 1.779300 ms  DeleteObjects: 0.012100 ms)

========================================================================
Received Prepare
Registering precompiled user dll's ...
Registered in 0.000962 seconds.
Begin MonoManager ReloadAssembly
Native extension for WindowsStandalone target not found
Native extension for OSXStandalone target not found
Refreshing native plugins compatible for Editor in 0.31 ms, found 1 plugins.
Preloading 0 native plugins for Editor in 0.00 ms.
Invoked RoslynAnalysisRunner static constructor.
RoslynAnalysisRunner will not be running.
RoslynAnalysisRunner has terminated.
Mono: successfully reloaded assembly
- Completed reload, in  0.863 seconds
Platform modules already initialized, skipping
Refreshing native plugins compatible for Editor in 0.30 ms, found 1 plugins.
Preloading 0 native plugins for Editor in 0.00 ms.
Unloading 1805 Unused Serialized files (Serialized files now loaded: 0)
System memory in use before: 84.6 MB.
System memory in use after: 84.7 MB.

Unloading 8 unused Assets to reduce memory usage. Loaded Objects now: 2340.
Total: 2.098300 ms (FindLiveObjects: 0.243000 ms CreateObjectMapping: 0.088300 ms MarkObjects: 1.751800 ms  DeleteObjects: 0.014100 ms)

========================================================================
Received Prepare
Registering precompiled user dll's ...
Registered in 0.000883 seconds.
Begin MonoManager ReloadAssembly
Native extension for WindowsStandalone target not found
Native extension for OSXStandalone target not found
Refreshing native plugins compatible for Editor in 0.33 ms, found 1 plugins.
Preloading 0 native plugins for Editor in 0.00 ms.
Invoked RoslynAnalysisRunner static constructor.
RoslynAnalysisRunner will not be running.
RoslynAnalysisRunner has terminated.
Mono: successfully reloaded assembly
- Completed reload, in  0.866 seconds
Platform modules already initialized, skipping
Refreshing native plugins compatible for Editor in 0.36 ms, found 1 plugins.
Preloading 0 native plugins for Editor in 0.00 ms.
Unloading 1805 Unused Serialized files (Serialized files now loaded: 0)
System memory in use before: 84.6 MB.
System memory in use after: 84.7 MB.

Unloading 8 unused Assets to reduce memory usage. Loaded Objects now: 2343.
Total: 2.583600 ms (FindLiveObjects: 0.476700 ms CreateObjectMapping: 0.127200 ms MarkObjects: 1.961400 ms  DeleteObjects: 0.016500 ms)

========================================================================
Received Prepare
Registering precompiled user dll's ...
Registered in 0.001570 seconds.
Begin MonoManager ReloadAssembly
Native extension for WindowsStandalone target not found
Native extension for OSXStandalone target not found
Refreshing native plugins compatible for Editor in 0.33 ms, found 1 plugins.
Preloading 0 native plugins for Editor in 0.00 ms.
Invoked RoslynAnalysisRunner static constructor.
RoslynAnalysisRunner will not be running.
RoslynAnalysisRunner has terminated.
Mono: successfully reloaded assembly
- Completed reload, in  0.865 seconds
Platform modules already initialized, skipping
Refreshing native plugins compatible for Editor in 0.38 ms, found 1 plugins.
Preloading 0 native plugins for Editor in 0.00 ms.
Unloading 1805 Unused Serialized files (Serialized files now loaded: 0)
System memory in use before: 84.6 MB.
System memory in use after: 84.7 MB.

Unloading 8 unused Assets to reduce memory usage. Loaded Objects now: 2346.
Total: 1.932400 ms (FindLiveObjects: 0.175500 ms CreateObjectMapping: 0.062800 ms MarkObjects: 1.678900 ms  DeleteObjects: 0.014200 ms)

========================================================================
Received Prepare
Registering precompiled user dll's ...
Registered in 0.000905 seconds.
Begin MonoManager ReloadAssembly
Native extension for WindowsStandalone target not found
Native extension for OSXStandalone target not found
Refreshing native plugins compatible for Editor in 0.32 ms, found 1 plugins.
Preloading 0 native plugins for Editor in 0.00 ms.
Invoked RoslynAnalysisRunner static constructor.
RoslynAnalysisRunner will not be running.
RoslynAnalysisRunner has terminated.
Mono: successfully reloaded assembly
- Completed reload, in  0.913 seconds
Platform modules already initialized, skipping
Refreshing native plugins compatible for Editor in 0.31 ms, found 1 plugins.
Preloading 0 native plugins for Editor in 0.00 ms.
Unloading 1805 Unused Serialized files (Serialized files now loaded: 0)
System memory in use before: 84.6 MB.
System memory in use after: 84.7 MB.

Unloading 8 unused Assets to reduce memory usage. Loaded Objects now: 2349.
Total: 2.367400 ms (FindLiveObjects: 0.226700 ms CreateObjectMapping: 0.099700 ms MarkObjects: 2.024200 ms  DeleteObjects: 0.015600 ms)

========================================================================
Received Prepare
Registering precompiled user dll's ...
Registered in 0.001297 seconds.
Begin MonoManager ReloadAssembly
Native extension for WindowsStandalone target not found
Native extension for OSXStandalone target not found
Refreshing native plugins compatible for Editor in 0.47 ms, found 1 plugins.
Preloading 0 native plugins for Editor in 0.00 ms.
Invoked RoslynAnalysisRunner static constructor.
RoslynAnalysisRunner will not be running.
RoslynAnalysisRunner has terminated.
Mono: successfully reloaded assembly
- Completed reload, in  0.843 seconds
Platform modules already initialized, skipping
Refreshing native plugins compatible for Editor in 0.41 ms, found 1 plugins.
Preloading 0 native plugins for Editor in 0.00 ms.
Unloading 1805 Unused Serialized files (Serialized files now loaded: 0)
System memory in use before: 84.6 MB.
System memory in use after: 84.8 MB.

Unloading 8 unused Assets to reduce memory usage. Loaded Objects now: 2352.
Total: 1.767400 ms (FindLiveObjects: 0.172700 ms CreateObjectMapping: 0.061600 ms MarkObjects: 1.519600 ms  DeleteObjects: 0.012600 ms)

========================================================================
Received Prepare
Registering precompiled user dll's ...
Registered in 0.000837 seconds.
Begin MonoManager ReloadAssembly
Native extension for WindowsStandalone target not found
Native extension for OSXStandalone target not found
Refreshing native plugins compatible for Editor in 0.49 ms, found 1 plugins.
Preloading 0 native plugins for Editor in 0.00 ms.
Invoked RoslynAnalysisRunner static constructor.
RoslynAnalysisRunner will not be running.
RoslynAnalysisRunner has terminated.
Mono: successfully reloaded assembly
- Completed reload, in  0.732 seconds
Platform modules already initialized, skipping
Refreshing native plugins compatible for Editor in 0.33 ms, found 1 plugins.
Preloading 0 native plugins for Editor in 0.00 ms.
Unloading 1805 Unused Serialized files (Serialized files now loaded: 0)
System memory in use before: 84.6 MB.
System memory in use after: 84.8 MB.

Unloading 8 unused Assets to reduce memory usage. Loaded Objects now: 2355.
Total: 1.875000 ms (FindLiveObjects: 0.192600 ms CreateObjectMapping: 0.051900 ms MarkObjects: 1.618100 ms  DeleteObjects: 0.011400 ms)

========================================================================
Received Prepare
Registering precompiled user dll's ...
Registered in 0.000889 seconds.
Begin MonoManager ReloadAssembly
Native extension for WindowsStandalone target not found
Native extension for OSXStandalone target not found
Refreshing native plugins compatible for Editor in 0.33 ms, found 1 plugins.
Preloading 0 native plugins for Editor in 0.00 ms.
Invoked RoslynAnalysisRunner static constructor.
RoslynAnalysisRunner will not be running.
RoslynAnalysisRunner has terminated.
Mono: successfully reloaded assembly
- Completed reload, in  0.731 seconds
Platform modules already initialized, skipping
Refreshing native plugins compatible for Editor in 0.30 ms, found 1 plugins.
Preloading 0 native plugins for Editor in 0.00 ms.
Unloading 1805 Unused Serialized files (Serialized files now loaded: 0)
System memory in use before: 84.7 MB.
System memory in use after: 84.8 MB.

Unloading 8 unused Assets to reduce memory usage. Loaded Objects now: 2358.
Total: 1.880700 ms (FindLiveObjects: 0.185300 ms CreateObjectMapping: 0.069900 ms MarkObjects: 1.612100 ms  DeleteObjects: 0.012700 ms)

========================================================================
Received Prepare
Registering precompiled user dll's ...
Registered in 0.000901 seconds.
Begin MonoManager ReloadAssembly
Native extension for WindowsStandalone target not found
Native extension for OSXStandalone target not found
Refreshing native plugins compatible for Editor in 0.33 ms, found 1 plugins.
Preloading 0 native plugins for Editor in 0.00 ms.
Invoked RoslynAnalysisRunner static constructor.
RoslynAnalysisRunner will not be running.
RoslynAnalysisRunner has terminated.
Mono: successfully reloaded assembly
- Completed reload, in  0.933 seconds
Platform modules already initialized, skipping
Refreshing native plugins compatible for Editor in 0.32 ms, found 1 plugins.
Preloading 0 native plugins for Editor in 0.00 ms.
Unloading 1805 Unused Serialized files (Serialized files now loaded: 0)
System memory in use before: 84.7 MB.
System memory in use after: 84.8 MB.

Unloading 8 unused Assets to reduce memory usage. Loaded Objects now: 2361.
Total: 1.794300 ms (FindLiveObjects: 0.190200 ms CreateObjectMapping: 0.074900 ms MarkObjects: 1.513700 ms  DeleteObjects: 0.014400 ms)

========================================================================
Received Prepare
Registering precompiled user dll's ...
Registered in 0.000900 seconds.
Begin MonoManager ReloadAssembly
Native extension for WindowsStandalone target not found
Native extension for OSXStandalone target not found
Refreshing native plugins compatible for Editor in 0.30 ms, found 1 plugins.
Preloading 0 native plugins for Editor in 0.00 ms.
Invoked RoslynAnalysisRunner static constructor.
RoslynAnalysisRunner will not be running.
RoslynAnalysisRunner has terminated.
Mono: successfully reloaded assembly
- Completed reload, in  0.781 seconds
Platform modules already initialized, skipping
Refreshing native plugins compatible for Editor in 0.30 ms, found 1 plugins.
Preloading 0 native plugins for Editor in 0.00 ms.
Unloading 1805 Unused Serialized files (Serialized files now loaded: 0)
System memory in use before: 84.7 MB.
System memory in use after: 84.8 MB.

Unloading 8 unused Assets to reduce memory usage. Loaded Objects now: 2364.
Total: 2.004800 ms (FindLiveObjects: 0.169400 ms CreateObjectMapping: 0.052400 ms MarkObjects: 1.769700 ms  DeleteObjects: 0.012600 ms)

========================================================================
Received Prepare
Registering precompiled user dll's ...
Registered in 0.000785 seconds.
Begin MonoManager ReloadAssembly
Native extension for WindowsStandalone target not found
Native extension for OSXStandalone target not found
Refreshing native plugins compatible for Editor in 0.35 ms, found 1 plugins.
Preloading 0 native plugins for Editor in 0.00 ms.
Invoked RoslynAnalysisRunner static constructor.
RoslynAnalysisRunner will not be running.
RoslynAnalysisRunner has terminated.
Mono: successfully reloaded assembly
- Completed reload, in  0.732 seconds
Platform modules already initialized, skipping
Refreshing native plugins compatible for Editor in 0.35 ms, found 1 plugins.
Preloading 0 native plugins for Editor in 0.00 ms.
Unloading 1805 Unused Serialized files (Serialized files now loaded: 0)
System memory in use before: 84.7 MB.
System memory in use after: 84.8 MB.

Unloading 8 unused Assets to reduce memory usage. Loaded Objects now: 2367.
Total: 2.046700 ms (FindLiveObjects: 0.180200 ms CreateObjectMapping: 0.173100 ms MarkObjects: 1.678900 ms  DeleteObjects: 0.013800 ms)

========================================================================
Received Prepare
Registering precompiled user dll's ...
Registered in 0.000889 seconds.
Begin MonoManager ReloadAssembly
Native extension for WindowsStandalone target not found
Native extension for OSXStandalone target not found
Refreshing native plugins compatible for Editor in 0.35 ms, found 1 plugins.
Preloading 0 native plugins for Editor in 0.00 ms.
Invoked RoslynAnalysisRunner static constructor.
RoslynAnalysisRunner will not be running.
RoslynAnalysisRunner has terminated.
Mono: successfully reloaded assembly
- Completed reload, in  0.845 seconds
Platform modules already initialized, skipping
Refreshing native plugins compatible for Editor in 0.37 ms, found 1 plugins.
Preloading 0 native plugins for Editor in 0.00 ms.
Unloading 1805 Unused Serialized files (Serialized files now loaded: 0)
System memory in use before: 84.7 MB.
System memory in use after: 84.8 MB.

Unloading 8 unused Assets to reduce memory usage. Loaded Objects now: 2370.
Total: 1.887600 ms (FindLiveObjects: 0.211400 ms CreateObjectMapping: 0.074500 ms MarkObjects: 1.582400 ms  DeleteObjects: 0.018500 ms)

========================================================================
Received Prepare
Registering precompiled user dll's ...
Registered in 0.001065 seconds.
Begin MonoManager ReloadAssembly
Native extension for WindowsStandalone target not found
Native extension for OSXStandalone target not found
Refreshing native plugins compatible for Editor in 0.31 ms, found 1 plugins.
Preloading 0 native plugins for Editor in 0.00 ms.
Invoked RoslynAnalysisRunner static constructor.
RoslynAnalysisRunner will not be running.
RoslynAnalysisRunner has terminated.
Mono: successfully reloaded assembly
- Completed reload, in  0.804 seconds
Platform modules already initialized, skipping
Refreshing native plugins compatible for Editor in 0.33 ms, found 1 plugins.
Preloading 0 native plugins for Editor in 0.00 ms.
Unloading 1805 Unused Serialized files (Serialized files now loaded: 0)
System memory in use before: 84.7 MB.
System memory in use after: 84.8 MB.

Unloading 8 unused Assets to reduce memory usage. Loaded Objects now: 2373.
Total: 2.320200 ms (FindLiveObjects: 0.230700 ms CreateObjectMapping: 0.107200 ms MarkObjects: 1.957500 ms  DeleteObjects: 0.023600 ms)

========================================================================
Received Prepare
Registering precompiled user dll's ...
Registered in 0.000953 seconds.
Begin MonoManager ReloadAssembly
Native extension for WindowsStandalone target not found
Native extension for OSXStandalone target not found
Refreshing native plugins compatible for Editor in 0.32 ms, found 1 plugins.
Preloading 0 native plugins for Editor in 0.00 ms.
Invoked RoslynAnalysisRunner static constructor.
RoslynAnalysisRunner will not be running.
RoslynAnalysisRunner has terminated.
Mono: successfully reloaded assembly
- Completed reload, in  0.830 seconds
Platform modules already initialized, skipping
Refreshing native plugins compatible for Editor in 0.43 ms, found 1 plugins.
Preloading 0 native plugins for Editor in 0.00 ms.
Unloading 1805 Unused Serialized files (Serialized files now loaded: 0)
System memory in use before: 84.7 MB.
System memory in use after: 84.8 MB.

Unloading 8 unused Assets to reduce memory usage. Loaded Objects now: 2376.
Total: 2.216000 ms (FindLiveObjects: 0.204500 ms CreateObjectMapping: 0.077500 ms MarkObjects: 1.917800 ms  DeleteObjects: 0.015100 ms)

========================================================================
Received Prepare
Registering precompiled user dll's ...
Registered in 0.000892 seconds.
Begin MonoManager ReloadAssembly
Native extension for WindowsStandalone target not found
Native extension for OSXStandalone target not found
Refreshing native plugins compatible for Editor in 0.33 ms, found 1 plugins.
Preloading 0 native plugins for Editor in 0.00 ms.
Invoked RoslynAnalysisRunner static constructor.
RoslynAnalysisRunner will not be running.
RoslynAnalysisRunner has terminated.
Mono: successfully reloaded assembly
- Completed reload, in  0.865 seconds
Platform modules already initialized, skipping
Refreshing native plugins compatible for Editor in 0.40 ms, found 1 plugins.
Preloading 0 native plugins for Editor in 0.00 ms.
Unloading 1805 Unused Serialized files (Serialized files now loaded: 0)
System memory in use before: 84.7 MB.
System memory in use after: 84.8 MB.

Unloading 8 unused Assets to reduce memory usage. Loaded Objects now: 2379.
Total: 2.222400 ms (FindLiveObjects: 0.218100 ms CreateObjectMapping: 0.075400 ms MarkObjects: 1.910400 ms  DeleteObjects: 0.017100 ms)

========================================================================
Received Prepare
Registering precompiled user dll's ...
Registered in 0.000991 seconds.
Begin MonoManager ReloadAssembly
Native extension for WindowsStandalone target not found
Native extension for OSXStandalone target not found
Refreshing native plugins compatible for Editor in 0.81 ms, found 1 plugins.
Preloading 0 native plugins for Editor in 0.00 ms.
Invoked RoslynAnalysisRunner static constructor.
RoslynAnalysisRunner will not be running.
RoslynAnalysisRunner has terminated.
Mono: successfully reloaded assembly
- Completed reload, in  0.941 seconds
Platform modules already initialized, skipping
Refreshing native plugins compatible for Editor in 0.37 ms, found 1 plugins.
Preloading 0 native plugins for Editor in 0.00 ms.
Unloading 1805 Unused Serialized files (Serialized files now loaded: 0)
System memory in use before: 84.7 MB.
System memory in use after: 84.8 MB.

Unloading 8 unused Assets to reduce memory usage. Loaded Objects now: 2382.
Total: 2.122900 ms (FindLiveObjects: 0.184200 ms CreateObjectMapping: 0.053200 ms MarkObjects: 1.864800 ms  DeleteObjects: 0.019300 ms)

========================================================================
Received Prepare
Registering precompiled user dll's ...
Registered in 0.000949 seconds.
Begin MonoManager ReloadAssembly
Native extension for WindowsStandalone target not found
Native extension for OSXStandalone target not found
Refreshing native plugins compatible for Editor in 0.38 ms, found 1 plugins.
Preloading 0 native plugins for Editor in 0.00 ms.
Invoked RoslynAnalysisRunner static constructor.
RoslynAnalysisRunner will not be running.
RoslynAnalysisRunner has terminated.
Mono: successfully reloaded assembly
- Completed reload, in  1.031 seconds
Platform modules already initialized, skipping
Refreshing native plugins compatible for Editor in 0.38 ms, found 1 plugins.
Preloading 0 native plugins for Editor in 0.00 ms.
Unloading 1805 Unused Serialized files (Serialized files now loaded: 0)
System memory in use before: 84.7 MB.
System memory in use after: 84.9 MB.

Unloading 8 unused Assets to reduce memory usage. Loaded Objects now: 2385.
Total: 2.653300 ms (FindLiveObjects: 0.287500 ms CreateObjectMapping: 0.093500 ms MarkObjects: 2.255500 ms  DeleteObjects: 0.015000 ms)

========================================================================
Received Prepare
Registering precompiled user dll's ...
Registered in 0.000976 seconds.
Begin MonoManager ReloadAssembly
Native extension for WindowsStandalone target not found
Native extension for OSXStandalone target not found
Refreshing native plugins compatible for Editor in 0.38 ms, found 1 plugins.
Preloading 0 native plugins for Editor in 0.00 ms.
Invoked RoslynAnalysisRunner static constructor.
RoslynAnalysisRunner will not be running.
RoslynAnalysisRunner has terminated.
Mono: successfully reloaded assembly
- Completed reload, in  0.871 seconds
Platform modules already initialized, skipping
Refreshing native plugins compatible for Editor in 0.38 ms, found 1 plugins.
Preloading 0 native plugins for Editor in 0.00 ms.
Unloading 1805 Unused Serialized files (Serialized files now loaded: 0)
System memory in use before: 84.7 MB.
System memory in use after: 84.9 MB.

Unloading 8 unused Assets to reduce memory usage. Loaded Objects now: 2388.
Total: 2.365200 ms (FindLiveObjects: 0.216600 ms CreateObjectMapping: 0.081200 ms MarkObjects: 2.049900 ms  DeleteObjects: 0.016500 ms)

========================================================================
Received Prepare
Registering precompiled user dll's ...
Registered in 0.000888 seconds.
Begin MonoManager ReloadAssembly
Native extension for WindowsStandalone target not found
Native extension for OSXStandalone target not found
Refreshing native plugins compatible for Editor in 0.38 ms, found 1 plugins.
Preloading 0 native plugins for Editor in 0.00 ms.
Invoked RoslynAnalysisRunner static constructor.
RoslynAnalysisRunner will not be running.
RoslynAnalysisRunner has terminated.
Mono: successfully reloaded assembly
- Completed reload, in  0.866 seconds
Platform modules already initialized, skipping
Refreshing native plugins compatible for Editor in 0.59 ms, found 1 plugins.
Preloading 0 native plugins for Editor in 0.00 ms.
Unloading 1805 Unused Serialized files (Serialized files now loaded: 0)
System memory in use before: 84.8 MB.
System memory in use after: 84.9 MB.

Unloading 8 unused Assets to reduce memory usage. Loaded Objects now: 2391.
Total: 2.318300 ms (FindLiveObjects: 0.201800 ms CreateObjectMapping: 0.080300 ms MarkObjects: 2.016700 ms  DeleteObjects: 0.018600 ms)

========================================================================
Received Prepare
Registering precompiled user dll's ...
Registered in 0.000905 seconds.
Begin MonoManager ReloadAssembly
Native extension for WindowsStandalone target not found
Native extension for OSXStandalone target not found
Refreshing native plugins compatible for Editor in 0.38 ms, found 1 plugins.
Preloading 0 native plugins for Editor in 0.00 ms.
Invoked RoslynAnalysisRunner static constructor.
RoslynAnalysisRunner will not be running.
RoslynAnalysisRunner has terminated.
Mono: successfully reloaded assembly
- Completed reload, in  0.850 seconds
Platform modules already initialized, skipping
Refreshing native plugins compatible for Editor in 0.36 ms, found 1 plugins.
Preloading 0 native plugins for Editor in 0.00 ms.
Unloading 1805 Unused Serialized files (Serialized files now loaded: 0)
System memory in use before: 84.8 MB.
System memory in use after: 84.9 MB.

Unloading 8 unused Assets to reduce memory usage. Loaded Objects now: 2394.
Total: 2.660400 ms (FindLiveObjects: 0.252400 ms CreateObjectMapping: 0.080900 ms MarkObjects: 2.308000 ms  DeleteObjects: 0.017700 ms)

========================================================================
Received Prepare
Registering precompiled user dll's ...
Registered in 0.000936 seconds.
Begin MonoManager ReloadAssembly
Native extension for WindowsStandalone target not found
Native extension for OSXStandalone target not found
Refreshing native plugins compatible for Editor in 0.36 ms, found 1 plugins.
Preloading 0 native plugins for Editor in 0.00 ms.
Invoked RoslynAnalysisRunner static constructor.
RoslynAnalysisRunner will not be running.
RoslynAnalysisRunner has terminated.
Mono: successfully reloaded assembly
- Completed reload, in  0.845 seconds
Platform modules already initialized, skipping
Refreshing native plugins compatible for Editor in 0.32 ms, found 1 plugins.
Preloading 0 native plugins for Editor in 0.00 ms.
Unloading 1805 Unused Serialized files (Serialized files now loaded: 0)
System memory in use before: 84.8 MB.
System memory in use after: 84.9 MB.

Unloading 8 unused Assets to reduce memory usage. Loaded Objects now: 2397.
Total: 1.933400 ms (FindLiveObjects: 0.199700 ms CreateObjectMapping: 0.071900 ms MarkObjects: 1.646600 ms  DeleteObjects: 0.014000 ms)

========================================================================
Received Import Request.
  Time since last request: 9215.179373 seconds.
  path: Assets/Sprites/26111-screen+shot+2014-05-04+at+12.21.01.png
  artifactKey: Guid(c28c2dd842626354e9358f1f6dd29876) Importer(815301076,1909f56bfc062723c751e8b465ee728b)
Start importing Assets/Sprites/26111-screen+shot+2014-05-04+at+12.21.01.png using Guid(c28c2dd842626354e9358f1f6dd29876) Importer(815301076,1909f56bfc062723c751e8b465ee728b)  -> (artifact id: '0a57204315dce33747a4cc1e9c99232f') in 0.338438 seconds
  Import took 0.341751 seconds .

========================================================================
Received Import Request.
  Time since last request: 46.854153 seconds.
  path: Assets/Sprites/26111-screen+shot+2014-05-04+at+12.21.01.png
  artifactKey: Guid(c28c2dd842626354e9358f1f6dd29876) Importer(815301076,1909f56bfc062723c751e8b465ee728b)
Start importing Assets/Sprites/26111-screen+shot+2014-05-04+at+12.21.01.png using Guid(c28c2dd842626354e9358f1f6dd29876) Importer(815301076,1909f56bfc062723c751e8b465ee728b)  -> (artifact id: '2c86daafc3839bc85bffeb9cd5d05a29') in 0.018452 seconds
  Import took 0.022479 seconds .

========================================================================
Received Import Request.
  Time since last request: 148.144337 seconds.
  path: Assets/Sprites/26111-screen+shot+2014-05-04+at+12.21.01.png
  artifactKey: Guid(c28c2dd842626354e9358f1f6dd29876) Importer(815301076,1909f56bfc062723c751e8b465ee728b)
Start importing Assets/Sprites/26111-screen+shot+2014-05-04+at+12.21.01.png using Guid(c28c2dd842626354e9358f1f6dd29876) Importer(815301076,1909f56bfc062723c751e8b465ee728b)  -> (artifact id: '422f4a4bc232c785349159901136a9fb') in 0.086324 seconds
  Import took 0.091055 seconds .

========================================================================
Received Import Request.
  Time since last request: 268.881780 seconds.
  path: Assets/Sprites/road.prefab
  artifactKey: Guid(25875820a579819429acbadeba846324) Importer(815301076,1909f56bfc062723c751e8b465ee728b)
Start importing Assets/Sprites/road.prefab using Guid(25875820a579819429acbadeba846324) Importer(815301076,1909f56bfc062723c751e8b465ee728b)  -> (artifact id: 'dbd8099ccda9ccec7d9936a3f4bd615f') in 0.016601 seconds
  Import took 0.020490 seconds .

========================================================================
Received Import Request.
  Time since last request: 10.251082 seconds.
  path: Assets/Sprites/26111-screen+shot+2014-05-04+at+12.21.01_0.asset
  artifactKey: Guid(a717ece32e729fe4a99fe2e1c256f9e6) Importer(815301076,1909f56bfc062723c751e8b465ee728b)
Start importing Assets/Sprites/26111-screen+shot+2014-05-04+at+12.21.01_0.asset using Guid(a717ece32e729fe4a99fe2e1c256f9e6) Importer(815301076,1909f56bfc062723c751e8b465ee728b)  -> (artifact id: '07c42a33a75240ab94bcdb799b977192') in 0.176147 seconds
  Import took 0.180055 seconds .

========================================================================
Received Import Request.
  Time since last request: 0.000264 seconds.
  path: Assets/Sprites/26111-screen+shot+2014-05-04+at+12.21.01_21.asset
  artifactKey: Guid(ed19215fdfaa61b4c8b4274c1afbf962) Importer(815301076,1909f56bfc062723c751e8b465ee728b)
Start importing Assets/Sprites/26111-screen+shot+2014-05-04+at+12.21.01_21.asset using Guid(ed19215fdfaa61b4c8b4274c1afbf962) Importer(815301076,1909f56bfc062723c751e8b465ee728b)  -> (artifact id: '001d8bc90db61b65f19c87ecc0203cb1') in 0.014976 seconds
  Import took 0.018724 seconds .

========================================================================
Received Import Request.
  Time since last request: 0.000314 seconds.
  path: Assets/Sprites/26111-screen+shot+2014-05-04+at+12.21.01_4.asset
  artifactKey: Guid(25556c1c615ab594f9a420a57b6e926f) Importer(815301076,1909f56bfc062723c751e8b465ee728b)
Start importing Assets/Sprites/26111-screen+shot+2014-05-04+at+12.21.01_4.asset using Guid(25556c1c615ab594f9a420a57b6e926f) Importer(815301076,1909f56bfc062723c751e8b465ee728b)  -> (artifact id: '0fb87530bcd67fce031b05234023e8b0') in 0.016688 seconds
  Import took 0.022234 seconds .

========================================================================
Received Import Request.
  Time since last request: 0.000278 seconds.
  path: Assets/Sprites/26111-screen+shot+2014-05-04+at+12.21.01_7.asset
  artifactKey: Guid(7cf909e614b6a064a9894123476a26a2) Importer(815301076,1909f56bfc062723c751e8b465ee728b)
Start importing Assets/Sprites/26111-screen+shot+2014-05-04+at+12.21.01_7.asset using Guid(7cf909e614b6a064a9894123476a26a2) Importer(815301076,1909f56bfc062723c751e8b465ee728b)  -> (artifact id: '265cb7810bea9e23ed80c19e1de73b5f') in 0.020636 seconds
  Import took 0.026720 seconds .

========================================================================
Received Import Request.
  Time since last request: 0.000251 seconds.
  path: Assets/Sprites/26111-screen+shot+2014-05-04+at+12.21.01_16.asset
  artifactKey: Guid(65e54b5b7b730c44a8c308b5bf0ba1fc) Importer(815301076,1909f56bfc062723c751e8b465ee728b)
Start importing Assets/Sprites/26111-screen+shot+2014-05-04+at+12.21.01_16.asset using Guid(65e54b5b7b730c44a8c308b5bf0ba1fc) Importer(815301076,1909f56bfc062723c751e8b465ee728b)  -> (artifact id: 'f801df5c911133c0f14e7d377992a47b') in 0.014133 seconds
  Import took 0.018691 seconds .

========================================================================
Received Import Request.
  Time since last request: 0.000276 seconds.
  path: Assets/Sprites/26111-screen+shot+2014-05-04+at+12.21.01_2.asset
  artifactKey: Guid(292a93730fc3d484f91ba4cc1397f62c) Importer(815301076,1909f56bfc062723c751e8b465ee728b)
Start importing Assets/Sprites/26111-screen+shot+2014-05-04+at+12.21.01_2.asset using Guid(292a93730fc3d484f91ba4cc1397f62c) Importer(815301076,1909f56bfc062723c751e8b465ee728b)  -> (artifact id: 'c9abaaeb691066097010f35479f6f9a9') in 0.019769 seconds
  Import took 0.023934 seconds .

========================================================================
Received Import Request.
  Time since last request: 0.000244 seconds.
  path: Assets/Sprites/26111-screen+shot+2014-05-04+at+12.21.01_9.asset
  artifactKey: Guid(56e95c3291d764e42a6aa9a2d3f26b5a) Importer(815301076,1909f56bfc062723c751e8b465ee728b)
Start importing Assets/Sprites/26111-screen+shot+2014-05-04+at+12.21.01_9.asset using Guid(56e95c3291d764e42a6aa9a2d3f26b5a) Importer(815301076,1909f56bfc062723c751e8b465ee728b)  -> (artifact id: '08551ebec739cc760fde6ea68deec8b7') in 0.036616 seconds
  Import took 0.041054 seconds .

========================================================================
Received Import Request.
  Time since last request: 0.000216 seconds.
  path: Assets/Sprites/26111-screen+shot+2014-05-04+at+12.21.01_17.asset
  artifactKey: Guid(3e42d7d0a27fea8419c5d942164c8e32) Importer(815301076,1909f56bfc062723c751e8b465ee728b)
Start importing Assets/Sprites/26111-screen+shot+2014-05-04+at+12.21.01_17.asset using Guid(3e42d7d0a27fea8419c5d942164c8e32) Importer(815301076,1909f56bfc062723c751e8b465ee728b)  -> (artifact id: 'f0bd37ca9f9109f6b9bb1abe054e1204') in 0.019101 seconds
  Import took 0.023134 seconds .

========================================================================
Received Import Request.
  Time since last request: 0.000215 seconds.
  path: Assets/Sprites/road.prefab
  artifactKey: Guid(25875820a579819429acbadeba846324) Importer(815301076,1909f56bfc062723c751e8b465ee728b)
Start importing Assets/Sprites/road.prefab using Guid(25875820a579819429acbadeba846324) Importer(815301076,1909f56bfc062723c751e8b465ee728b)  -> (artifact id: '6b216432c16b1a5e71c02c906478ad02') in 0.004956 seconds
  Import took 0.008611 seconds .

========================================================================
Received Import Request.
  Time since last request: 0.000234 seconds.
  path: Assets/Sprites/26111-screen+shot+2014-05-04+at+12.21.01_11.asset
  artifactKey: Guid(9ed733b340ceef848af78ba9cf4f5d10) Importer(815301076,1909f56bfc062723c751e8b465ee728b)
Start importing Assets/Sprites/26111-screen+shot+2014-05-04+at+12.21.01_11.asset using Guid(9ed733b340ceef848af78ba9cf4f5d10) Importer(815301076,1909f56bfc062723c751e8b465ee728b)  -> (artifact id: '42f6f7e0a9b28547c5e4bb235419d475') in 0.017221 seconds
  Import took 0.020533 seconds .

========================================================================
Received Import Request.
  Time since last request: 0.000206 seconds.
  path: Assets/Sprites/26111-screen+shot+2014-05-04+at+12.21.01_15.asset
  artifactKey: Guid(0ec3ffe89547f3948bd0be835f4f3e56) Importer(815301076,1909f56bfc062723c751e8b465ee728b)
Start importing Assets/Sprites/26111-screen+shot+2014-05-04+at+12.21.01_15.asset using Guid(0ec3ffe89547f3948bd0be835f4f3e56) Importer(815301076,1909f56bfc062723c751e8b465ee728b)  -> (artifact id: '7489b6c9555a0e7e027f3557eb355f61') in 0.021434 seconds
  Import took 0.025641 seconds .

========================================================================
Received Import Request.
  Time since last request: 0.000214 seconds.
  path: Assets/Sprites/26111-screen+shot+2014-05-04+at+12.21.01_8.asset
  artifactKey: Guid(6e23e8392c1f2f5448852146b856141d) Importer(815301076,1909f56bfc062723c751e8b465ee728b)
Start importing Assets/Sprites/26111-screen+shot+2014-05-04+at+12.21.01_8.asset using Guid(6e23e8392c1f2f5448852146b856141d) Importer(815301076,1909f56bfc062723c751e8b465ee728b)  -> (artifact id: 'b1eaccc40f2ded7ab67811b449bb2aa4') in 0.016528 seconds
  Import took 0.020077 seconds .

========================================================================
Received Import Request.
  Time since last request: 0.000228 seconds.
  path: Assets/Sprites/26111-screen+shot+2014-05-04+at+12.21.01_22.asset
  artifactKey: Guid(6cfe42b4ba46e3644856e3a4b975eadb) Importer(815301076,1909f56bfc062723c751e8b465ee728b)
Start importing Assets/Sprites/26111-screen+shot+2014-05-04+at+12.21.01_22.asset using Guid(6cfe42b4ba46e3644856e3a4b975eadb) Importer(815301076,1909f56bfc062723c751e8b465ee728b)  -> (artifact id: '331e8f0fe575515c7a5c5f6a3ed87d3c') in 0.022668 seconds
  Import took 0.027600 seconds .

========================================================================
Received Import Request.
  Time since last request: 0.000215 seconds.
  path: Assets/Sprites/26111-screen+shot+2014-05-04+at+12.21.01_10.asset
  artifactKey: Guid(fe904df69653c3a4690152f24f213bae) Importer(815301076,1909f56bfc062723c751e8b465ee728b)
Start importing Assets/Sprites/26111-screen+shot+2014-05-04+at+12.21.01_10.asset using Guid(fe904df69653c3a4690152f24f213bae) Importer(815301076,1909f56bfc062723c751e8b465ee728b)  -> (artifact id: 'f5d6442546d139b7669c6432f8e7ef00') in 0.017051 seconds
  Import took 0.020610 seconds .

========================================================================
Received Import Request.
  Time since last request: 0.000230 seconds.
  path: Assets/Sprites/26111-screen+shot+2014-05-04+at+12.21.01_18.asset
  artifactKey: Guid(002646eb5a991ff449140b6e4f9f6843) Importer(815301076,1909f56bfc062723c751e8b465ee728b)
Start importing Assets/Sprites/26111-screen+shot+2014-05-04+at+12.21.01_18.asset using Guid(002646eb5a991ff449140b6e4f9f6843) Importer(815301076,1909f56bfc062723c751e8b465ee728b)  -> (artifact id: '7853e434119fbf6e069fdd85d5efd137') in 0.014502 seconds
  Import took 0.018307 seconds .

========================================================================
Received Import Request.
  Time since last request: 0.000190 seconds.
  path: Assets/Sprites/26111-screen+shot+2014-05-04+at+12.21.01_5.asset
  artifactKey: Guid(226512611cf7d524d861439980331113) Importer(815301076,1909f56bfc062723c751e8b465ee728b)
Start importing Assets/Sprites/26111-screen+shot+2014-05-04+at+12.21.01_5.asset using Guid(226512611cf7d524d861439980331113) Importer(815301076,1909f56bfc062723c751e8b465ee728b)  -> (artifact id: '99bfd48a0c30530714910b3857092322') in 0.014700 seconds
  Import took 0.017490 seconds .

========================================================================
Received Import Request.
  Time since last request: 0.000208 seconds.
  path: Assets/Sprites/26111-screen+shot+2014-05-04+at+12.21.01_3.asset
  artifactKey: Guid(280d12cf9b3e7d84ab1e9b9b104ffc4e) Importer(815301076,1909f56bfc062723c751e8b465ee728b)
Start importing Assets/Sprites/26111-screen+shot+2014-05-04+at+12.21.01_3.asset using Guid(280d12cf9b3e7d84ab1e9b9b104ffc4e) Importer(815301076,1909f56bfc062723c751e8b465ee728b)  -> (artifact id: '08cf0a6bef1fb70b4b973e11fe9a3240') in 0.012289 seconds
  Import took 0.015339 seconds .

========================================================================
Received Import Request.
  Time since last request: 0.000157 seconds.
  path: Assets/Sprites/26111-screen+shot+2014-05-04+at+12.21.01_6.asset
  artifactKey: Guid(91f5edec18a7ff94f957f732f8f2d596) Importer(815301076,1909f56bfc062723c751e8b465ee728b)
Start importing Assets/Sprites/26111-screen+shot+2014-05-04+at+12.21.01_6.asset using Guid(91f5edec18a7ff94f957f732f8f2d596) Importer(815301076,1909f56bfc062723c751e8b465ee728b)  -> (artifact id: '402490f2252a0de79c944d993ef3627c') in 0.013381 seconds
  Import took 0.016543 seconds .

========================================================================
Received Import Request.
  Time since last request: 0.000169 seconds.
  path: Assets/Sprites/26111-screen+shot+2014-05-04+at+12.21.01_12.asset
  artifactKey: Guid(3933f29222572b54f84b88f09f687d31) Importer(815301076,1909f56bfc062723c751e8b465ee728b)
Start importing Assets/Sprites/26111-screen+shot+2014-05-04+at+12.21.01_12.asset using Guid(3933f29222572b54f84b88f09f687d31) Importer(815301076,1909f56bfc062723c751e8b465ee728b)  -> (artifact id: '45709cc12080bb3630c711a3399ef273') in 0.012307 seconds
  Import took 0.015324 seconds .

========================================================================
Received Import Request.
  Time since last request: 0.000204 seconds.
  path: Assets/Sprites/26111-screen+shot+2014-05-04+at+12.21.01_13.asset
  artifactKey: Guid(cf655f29990d15e49b15ee10556150db) Importer(815301076,1909f56bfc062723c751e8b465ee728b)
Start importing Assets/Sprites/26111-screen+shot+2014-05-04+at+12.21.01_13.asset using Guid(cf655f29990d15e49b15ee10556150db) Importer(815301076,1909f56bfc062723c751e8b465ee728b)  -> (artifact id: 'a1a57430ef37ac0c715938f0b8d166a8') in 0.012410 seconds
  Import took 0.015571 seconds .

========================================================================
Received Import Request.
  Time since last request: 0.000189 seconds.
  path: Assets/Sprites/26111-screen+shot+2014-05-04+at+12.21.01_14.asset
  artifactKey: Guid(23d3d3d95bcb57a43b792aafb205f62a) Importer(815301076,1909f56bfc062723c751e8b465ee728b)
Start importing Assets/Sprites/26111-screen+shot+2014-05-04+at+12.21.01_14.asset using Guid(23d3d3d95bcb57a43b792aafb205f62a) Importer(815301076,1909f56bfc062723c751e8b465ee728b)  -> (artifact id: '9bb9b6c127daad9b9f253128c4e176ff') in 0.010950 seconds
  Import took 0.013965 seconds .

========================================================================
Received Import Request.
  Time since last request: 0.000219 seconds.
  path: Assets/Sprites/26111-screen+shot+2014-05-04+at+12.21.01_24.asset
  artifactKey: Guid(51fb704c83c41524fb1c1950cbf6c1f7) Importer(815301076,1909f56bfc062723c751e8b465ee728b)
Start importing Assets/Sprites/26111-screen+shot+2014-05-04+at+12.21.01_24.asset using Guid(51fb704c83c41524fb1c1950cbf6c1f7) Importer(815301076,1909f56bfc062723c751e8b465ee728b)  -> (artifact id: '70f169bf4f9100dcaa35166bd574d6c5') in 0.014604 seconds
  Import took 0.017947 seconds .

========================================================================
Received Import Request.
  Time since last request: 0.000198 seconds.
  path: Assets/Sprites/26111-screen+shot+2014-05-04+at+12.21.01_20.asset
  artifactKey: Guid(c807b8e088f89d04288ca47641857cbb) Importer(815301076,1909f56bfc062723c751e8b465ee728b)
Start importing Assets/Sprites/26111-screen+shot+2014-05-04+at+12.21.01_20.asset using Guid(c807b8e088f89d04288ca47641857cbb) Importer(815301076,1909f56bfc062723c751e8b465ee728b)  -> (artifact id: '157fb65e47316bf427a4e906e2eb09a6') in 0.016881 seconds
  Import took 0.021682 seconds .

========================================================================
Received Import Request.
  Time since last request: 0.000323 seconds.
  path: Assets/Sprites/26111-screen+shot+2014-05-04+at+12.21.01_23.asset
  artifactKey: Guid(1d6b0ea39fc25f2418d6b37ef97b8b6d) Importer(815301076,1909f56bfc062723c751e8b465ee728b)
Start importing Assets/Sprites/26111-screen+shot+2014-05-04+at+12.21.01_23.asset using Guid(1d6b0ea39fc25f2418d6b37ef97b8b6d) Importer(815301076,1909f56bfc062723c751e8b465ee728b)  -> (artifact id: 'db6ec3eed05c1587de95ce46e690cf15') in 0.014742 seconds
  Import took 0.018957 seconds .

========================================================================
Received Import Request.
  Time since last request: 0.000164 seconds.
  path: Assets/Sprites/26111-screen+shot+2014-05-04+at+12.21.01_1.asset
  artifactKey: Guid(8105cb0bd85b1fb41b1c130e22bbbcb7) Importer(815301076,1909f56bfc062723c751e8b465ee728b)
Start importing Assets/Sprites/26111-screen+shot+2014-05-04+at+12.21.01_1.asset using Guid(8105cb0bd85b1fb41b1c130e22bbbcb7) Importer(815301076,1909f56bfc062723c751e8b465ee728b)  -> (artifact id: 'ad09a5c4ce89b8d785f2e97b37e9a0ec') in 0.013725 seconds
  Import took 0.017316 seconds .

========================================================================
Received Import Request.
  Time since last request: 0.000194 seconds.
  path: Assets/Sprites/26111-screen+shot+2014-05-04+at+12.21.01_19.asset
  artifactKey: Guid(7879d2b7f9f899c46b1e9917ec47abed) Importer(815301076,1909f56bfc062723c751e8b465ee728b)
Start importing Assets/Sprites/26111-screen+shot+2014-05-04+at+12.21.01_19.asset using Guid(7879d2b7f9f899c46b1e9917ec47abed) Importer(815301076,1909f56bfc062723c751e8b465ee728b)  -> (artifact id: '02515abd6ece2fc753059d3e2ccffb99') in 0.012076 seconds
  Import took 0.015167 seconds .

========================================================================
Received Import Request.
  Time since last request: 65.400098 seconds.
  path: Assets/Sprites/ground.prefab
  artifactKey: Guid(85cb55842d8236a4181186c608525306) Importer(815301076,1909f56bfc062723c751e8b465ee728b)
Start importing Assets/Sprites/ground.prefab using Guid(85cb55842d8236a4181186c608525306) Importer(815301076,1909f56bfc062723c751e8b465ee728b)  -> (artifact id: '6618459e1ec3e6bc6e4c161c6b3b37ca') in 0.007277 seconds
  Import took 0.010753 seconds .

========================================================================
Received Import Request.
  Time since last request: 8.175797 seconds.
  path: Assets/Sprites/ground.prefab
  artifactKey: Guid(85cb55842d8236a4181186c608525306) Importer(815301076,1909f56bfc062723c751e8b465ee728b)
Start importing Assets/Sprites/ground.prefab using Guid(85cb55842d8236a4181186c608525306) Importer(815301076,1909f56bfc062723c751e8b465ee728b)  -> (artifact id: '4ac3c6147f167b6f4293893c3e10190b') in 0.004222 seconds
  Import took 0.008842 seconds .

========================================================================
Received Import Request.
  Time since last request: 31.771936 seconds.
  path: Assets/Sprites/26111-screen+shot+2014-05-04+at+12.21.01_0 1.asset
  artifactKey: Guid(f3a3ba90c5b3e3c4e8edb4127db62ddc) Importer(815301076,1909f56bfc062723c751e8b465ee728b)
Start importing Assets/Sprites/26111-screen+shot+2014-05-04+at+12.21.01_0 1.asset using Guid(f3a3ba90c5b3e3c4e8edb4127db62ddc) Importer(815301076,1909f56bfc062723c751e8b465ee728b)  -> (artifact id: '212c43437a0cddcf8e890fd72dc84e25') in 0.019364 seconds
  Import took 0.023315 seconds .

========================================================================
Received Import Request.
  Time since last request: 0.000414 seconds.
  path: Assets/Sprites/26111-screen+shot+2014-05-04+at+12.21.01_9 1.asset
  artifactKey: Guid(c9ca2636f00ad5c4ca50afa18e79cfba) Importer(815301076,1909f56bfc062723c751e8b465ee728b)
Start importing Assets/Sprites/26111-screen+shot+2014-05-04+at+12.21.01_9 1.asset using Guid(c9ca2636f00ad5c4ca50afa18e79cfba) Importer(815301076,1909f56bfc062723c751e8b465ee728b)  -> (artifact id: 'c3650b7767c84d4dbfec63914c17bdd5') in 0.012693 seconds
  Import took 0.015783 seconds .

========================================================================
Received Import Request.
  Time since last request: 0.000324 seconds.
  path: Assets/Sprites/26111-screen+shot+2014-05-04+at+12.21.01_11 1.asset
  artifactKey: Guid(4aff1d43791e0c143a34548f092267ed) Importer(815301076,1909f56bfc062723c751e8b465ee728b)
Start importing Assets/Sprites/26111-screen+shot+2014-05-04+at+12.21.01_11 1.asset using Guid(4aff1d43791e0c143a34548f092267ed) Importer(815301076,1909f56bfc062723c751e8b465ee728b)  -> (artifact id: 'a62be549daa35473195d6079f3be2508') in 0.019653 seconds
  Import took 0.023452 seconds .

========================================================================
Received Import Request.
  Time since last request: 0.000246 seconds.
  path: Assets/Sprites/26111-screen+shot+2014-05-04+at+12.21.01_19 1.asset
  artifactKey: Guid(064a2859c88d9b045a1bf5cc57226c23) Importer(815301076,1909f56bfc062723c751e8b465ee728b)
Start importing Assets/Sprites/26111-screen+shot+2014-05-04+at+12.21.01_19 1.asset using Guid(064a2859c88d9b045a1bf5cc57226c23) Importer(815301076,1909f56bfc062723c751e8b465ee728b)  -> (artifact id: 'cd217a8214d3561325d0e8d7e0a9e925') in 0.013783 seconds
  Import took 0.017297 seconds .

========================================================================
Received Import Request.
  Time since last request: 0.000216 seconds.
  path: Assets/Sprites/26111-screen+shot+2014-05-04+at+12.21.01_16 1.asset
  artifactKey: Guid(ac182e6c28fd9aa4aac8389ed4535a4d) Importer(815301076,1909f56bfc062723c751e8b465ee728b)
Start importing Assets/Sprites/26111-screen+shot+2014-05-04+at+12.21.01_16 1.asset using Guid(ac182e6c28fd9aa4aac8389ed4535a4d) Importer(815301076,1909f56bfc062723c751e8b465ee728b)  -> (artifact id: '7726ee0980d189bfadca6a4973493418') in 0.021836 seconds
  Import took 0.025911 seconds .

========================================================================
Received Import Request.
  Time since last request: 0.000234 seconds.
  path: Assets/Sprites/26111-screen+shot+2014-05-04+at+12.21.01_13 1.asset
  artifactKey: Guid(6a8e92e58f184104cb9edf6fd536f9a8) Importer(815301076,1909f56bfc062723c751e8b465ee728b)
Start importing Assets/Sprites/26111-screen+shot+2014-05-04+at+12.21.01_13 1.asset using Guid(6a8e92e58f184104cb9edf6fd536f9a8) Importer(815301076,1909f56bfc062723c751e8b465ee728b)  -> (artifact id: '62154595b3dd2e808787dc88757f08af') in 0.021158 seconds
  Import took 0.024601 seconds .

========================================================================
Received Import Request.
  Time since last request: 0.000190 seconds.
  path: Assets/Sprites/26111-screen+shot+2014-05-04+at+12.21.01_4 1.asset
  artifactKey: Guid(a07cd5c82a1674a4ca819018d74b18ff) Importer(815301076,1909f56bfc062723c751e8b465ee728b)
Start importing Assets/Sprites/26111-screen+shot+2014-05-04+at+12.21.01_4 1.asset using Guid(a07cd5c82a1674a4ca819018d74b18ff) Importer(815301076,1909f56bfc062723c751e8b465ee728b)  -> (artifact id: 'c67333ee21c32414f63cab23f2a40225') in 0.025807 seconds
  Import took 0.029806 seconds .

========================================================================
Received Import Request.
  Time since last request: 0.000195 seconds.
  path: Assets/Sprites/26111-screen+shot+2014-05-04+at+12.21.01_3 1.asset
  artifactKey: Guid(6c9e9d9c97706d649b4383f2a6fd1f54) Importer(815301076,1909f56bfc062723c751e8b465ee728b)
Start importing Assets/Sprites/26111-screen+shot+2014-05-04+at+12.21.01_3 1.asset using Guid(6c9e9d9c97706d649b4383f2a6fd1f54) Importer(815301076,1909f56bfc062723c751e8b465ee728b)  -> (artifact id: '42e5ee9e9cd89529c9cc851a15233471') in 0.014643 seconds
  Import took 0.018279 seconds .

========================================================================
Received Import Request.
  Time since last request: 0.000273 seconds.
  path: Assets/Sprites/26111-screen+shot+2014-05-04+at+12.21.01_20 1.asset
  artifactKey: Guid(f158ebed8c8b69945ae4d9e0c52ffe70) Importer(815301076,1909f56bfc062723c751e8b465ee728b)
Start importing Assets/Sprites/26111-screen+shot+2014-05-04+at+12.21.01_20 1.asset using Guid(f158ebed8c8b69945ae4d9e0c52ffe70) Importer(815301076,1909f56bfc062723c751e8b465ee728b)  -> (artifact id: '132ecf6d1fd76bfb0f9f3e1b1e6e1abb') in 0.015329 seconds
  Import took 0.019921 seconds .

========================================================================
Received Import Request.
  Time since last request: 0.000192 seconds.
  path: Assets/Sprites/26111-screen+shot+2014-05-04+at+12.21.01_10 1.asset
  artifactKey: Guid(d31c60ea7f3c538479b888aaf4fb9738) Importer(815301076,1909f56bfc062723c751e8b465ee728b)
Start importing Assets/Sprites/26111-screen+shot+2014-05-04+at+12.21.01_10 1.asset using Guid(d31c60ea7f3c538479b888aaf4fb9738) Importer(815301076,1909f56bfc062723c751e8b465ee728b)  -> (artifact id: 'c60879fa8561e6fc80f099c3e5f05f5f') in 0.024189 seconds
  Import took 0.027340 seconds .

========================================================================
Received Import Request.
  Time since last request: 0.000277 seconds.
  path: Assets/Sprites/26111-screen+shot+2014-05-04+at+12.21.01_7 1.asset
  artifactKey: Guid(c6d968fb12614934299180277ac2ba1b) Importer(815301076,1909f56bfc062723c751e8b465ee728b)
Start importing Assets/Sprites/26111-screen+shot+2014-05-04+at+12.21.01_7 1.asset using Guid(c6d968fb12614934299180277ac2ba1b) Importer(815301076,1909f56bfc062723c751e8b465ee728b)  -> (artifact id: '7cdb8eff37c5c34ccc643c3a97cde0fc') in 0.012723 seconds
  Import took 0.015868 seconds .

========================================================================
Received Import Request.
  Time since last request: 0.000202 seconds.
  path: Assets/Sprites/26111-screen+shot+2014-05-04+at+12.21.01_5 1.asset
  artifactKey: Guid(99c76b7a1a423b244b1e1ba8d5f77c95) Importer(815301076,1909f56bfc062723c751e8b465ee728b)
Start importing Assets/Sprites/26111-screen+shot+2014-05-04+at+12.21.01_5 1.asset using Guid(99c76b7a1a423b244b1e1ba8d5f77c95) Importer(815301076,1909f56bfc062723c751e8b465ee728b)  -> (artifact id: '121ea3c9d62c4af836bba4335d0ccfdf') in 0.013316 seconds
  Import took 0.016775 seconds .

========================================================================
Received Import Request.
  Time since last request: 0.000198 seconds.
  path: Assets/Sprites/26111-screen+shot+2014-05-04+at+12.21.01_14 1.asset
  artifactKey: Guid(1caa85774bdada94d9451fd1d301f72c) Importer(815301076,1909f56bfc062723c751e8b465ee728b)
Start importing Assets/Sprites/26111-screen+shot+2014-05-04+at+12.21.01_14 1.asset using Guid(1caa85774bdada94d9451fd1d301f72c) Importer(815301076,1909f56bfc062723c751e8b465ee728b)  -> (artifact id: 'dfe27dee900dbe58bd758b2e26a8a982') in 0.012158 seconds
  Import took 0.015671 seconds .

========================================================================
Received Import Request.
  Time since last request: 0.000239 seconds.
  path: Assets/Sprites/26111-screen+shot+2014-05-04+at+12.21.01_15 1.asset
  artifactKey: Guid(8ab1cf9ff7b8d3c4fb046156fdda98fb) Importer(815301076,1909f56bfc062723c751e8b465ee728b)
Start importing Assets/Sprites/26111-screen+shot+2014-05-04+at+12.21.01_15 1.asset using Guid(8ab1cf9ff7b8d3c4fb046156fdda98fb) Importer(815301076,1909f56bfc062723c751e8b465ee728b)  -> (artifact id: '9836793322f71902fb39c361dc1d7e1f') in 0.015163 seconds
  Import took 0.019236 seconds .

========================================================================
Received Import Request.
  Time since last request: 0.000212 seconds.
  path: Assets/Sprites/26111-screen+shot+2014-05-04+at+12.21.01_21 1.asset
  artifactKey: Guid(5f8e17e97621cfb469a4a0a44dc68c47) Importer(815301076,1909f56bfc062723c751e8b465ee728b)
Start importing Assets/Sprites/26111-screen+shot+2014-05-04+at+12.21.01_21 1.asset using Guid(5f8e17e97621cfb469a4a0a44dc68c47) Importer(815301076,1909f56bfc062723c751e8b465ee728b)  -> (artifact id: 'c6bfd0e98b55f50038b999498ead0798') in 0.012476 seconds
  Import took 0.015628 seconds .

========================================================================
Received Import Request.
  Time since last request: 0.000179 seconds.
  path: Assets/Sprites/26111-screen+shot+2014-05-04+at+12.21.01_17 1.asset
  artifactKey: Guid(780223d30174f6e409d39da8aef5d569) Importer(815301076,1909f56bfc062723c751e8b465ee728b)
Start importing Assets/Sprites/26111-screen+shot+2014-05-04+at+12.21.01_17 1.asset using Guid(780223d30174f6e409d39da8aef5d569) Importer(815301076,1909f56bfc062723c751e8b465ee728b)  -> (artifact id: '4c4b9b76ae71666d43f81b78ed825c1d') in 0.013926 seconds
  Import took 0.017536 seconds .

========================================================================
Received Import Request.
  Time since last request: 0.000182 seconds.
  path: Assets/Sprites/26111-screen+shot+2014-05-04+at+12.21.01_1 1.asset
  artifactKey: Guid(bdf4db3d27b680045ae4976fe49ed0a9) Importer(815301076,1909f56bfc062723c751e8b465ee728b)
Start importing Assets/Sprites/26111-screen+shot+2014-05-04+at+12.21.01_1 1.asset using Guid(bdf4db3d27b680045ae4976fe49ed0a9) Importer(815301076,1909f56bfc062723c751e8b465ee728b)  -> (artifact id: 'de636af7d3268f72b37e1aa4b05b0fbd') in 0.013571 seconds
  Import took 0.016683 seconds .

========================================================================
Received Import Request.
  Time since last request: 0.000190 seconds.
  path: Assets/Sprites/26111-screen+shot+2014-05-04+at+12.21.01_23 1.asset
  artifactKey: Guid(eb3afb8a7e52d724d9ed492bc587c607) Importer(815301076,1909f56bfc062723c751e8b465ee728b)
Start importing Assets/Sprites/26111-screen+shot+2014-05-04+at+12.21.01_23 1.asset using Guid(eb3afb8a7e52d724d9ed492bc587c607) Importer(815301076,1909f56bfc062723c751e8b465ee728b)  -> (artifact id: '39755bc3e3a25a7aa592137f0dc20b0d') in 0.022202 seconds
  Import took 0.025663 seconds .

========================================================================
Received Import Request.
  Time since last request: 0.000182 seconds.
  path: Assets/Sprites/26111-screen+shot+2014-05-04+at+12.21.01_12 1.asset
  artifactKey: Guid(2a63d544445dd7b488b4dd875d5193e7) Importer(815301076,1909f56bfc062723c751e8b465ee728b)
Start importing Assets/Sprites/26111-screen+shot+2014-05-04+at+12.21.01_12 1.asset using Guid(2a63d544445dd7b488b4dd875d5193e7) Importer(815301076,1909f56bfc062723c751e8b465ee728b)  -> (artifact id: '3e9ec5ca422e301f65775e27df32084a') in 0.014033 seconds
  Import took 0.017036 seconds .

========================================================================
Received Import Request.
  Time since last request: 0.000183 seconds.
  path: Assets/Sprites/26111-screen+shot+2014-05-04+at+12.21.01_6 1.asset
  artifactKey: Guid(0f1e3dddcc8deb04993cfb882c6a4d85) Importer(815301076,1909f56bfc062723c751e8b465ee728b)
Start importing Assets/Sprites/26111-screen+shot+2014-05-04+at+12.21.01_6 1.asset using Guid(0f1e3dddcc8deb04993cfb882c6a4d85) Importer(815301076,1909f56bfc062723c751e8b465ee728b)  -> (artifact id: '001d6039ed53b9cfe668af9fd4c297e7') in 0.013453 seconds
  Import took 0.016151 seconds .

========================================================================
Received Import Request.
  Time since last request: 0.000313 seconds.
  path: Assets/Sprites/26111-screen+shot+2014-05-04+at+12.21.01_8 1.asset
  artifactKey: Guid(dd8c36255a143cd45bdbc0319762bc74) Importer(815301076,1909f56bfc062723c751e8b465ee728b)
Start importing Assets/Sprites/26111-screen+shot+2014-05-04+at+12.21.01_8 1.asset using Guid(dd8c36255a143cd45bdbc0319762bc74) Importer(815301076,1909f56bfc062723c751e8b465ee728b)  -> (artifact id: 'db2a58950cb3c239a05a6c77aa047920') in 0.013225 seconds
  Import took 0.016326 seconds .

========================================================================
Received Import Request.
  Time since last request: 0.000169 seconds.
  path: Assets/Sprites/26111-screen+shot+2014-05-04+at+12.21.01_22 1.asset
  artifactKey: Guid(a831181e54287b74a93e3cac8606695f) Importer(815301076,1909f56bfc062723c751e8b465ee728b)
Start importing Assets/Sprites/26111-screen+shot+2014-05-04+at+12.21.01_22 1.asset using Guid(a831181e54287b74a93e3cac8606695f) Importer(815301076,1909f56bfc062723c751e8b465ee728b)  -> (artifact id: '70459b548e600dc90509146e1d070094') in 0.015009 seconds
  Import took 0.019717 seconds .

========================================================================
Received Import Request.
  Time since last request: 0.000157 seconds.
  path: Assets/Sprites/26111-screen+shot+2014-05-04+at+12.21.01_2 1.asset
  artifactKey: Guid(2070c97d1fc30b148b437267eab77cf4) Importer(815301076,1909f56bfc062723c751e8b465ee728b)
Start importing Assets/Sprites/26111-screen+shot+2014-05-04+at+12.21.01_2 1.asset using Guid(2070c97d1fc30b148b437267eab77cf4) Importer(815301076,1909f56bfc062723c751e8b465ee728b)  -> (artifact id: 'cdbc62147ef7f6d694ebb2186cd3cd78') in 0.014379 seconds
  Import took 0.017919 seconds .

========================================================================
Received Import Request.
  Time since last request: 0.000323 seconds.
  path: Assets/Sprites/26111-screen+shot+2014-05-04+at+12.21.01_18 1.asset
  artifactKey: Guid(b547832c7f2d89f4591d52bb62e3a0c0) Importer(815301076,1909f56bfc062723c751e8b465ee728b)
Start importing Assets/Sprites/26111-screen+shot+2014-05-04+at+12.21.01_18 1.asset using Guid(b547832c7f2d89f4591d52bb62e3a0c0) Importer(815301076,1909f56bfc062723c751e8b465ee728b)  -> (artifact id: 'a782f58effcdd05166a9ae50b48d47db') in 0.014672 seconds
  Import took 0.017941 seconds .

========================================================================
Received Import Request.
  Time since last request: 27.710795 seconds.
  path: Assets/Sprites/26111-screen+shot+2014-05-04+at+12.21.01_24 1.asset
  artifactKey: Guid(182687404135d0646b853309be1ac454) Importer(815301076,1909f56bfc062723c751e8b465ee728b)
Start importing Assets/Sprites/26111-screen+shot+2014-05-04+at+12.21.01_24 1.asset using Guid(182687404135d0646b853309be1ac454) Importer(815301076,1909f56bfc062723c751e8b465ee728b)  -> (artifact id: 'ddfeeac0089aa3ff285c483245312884') in 0.013540 seconds
  Import took 0.017818 seconds .

========================================================================
Received Import Request.
  Time since last request: 0.000348 seconds.
  path: Assets/Sprites/ground.prefab
  artifactKey: Guid(85cb55842d8236a4181186c608525306) Importer(815301076,1909f56bfc062723c751e8b465ee728b)
Start importing Assets/Sprites/ground.prefab using Guid(85cb55842d8236a4181186c608525306) Importer(815301076,1909f56bfc062723c751e8b465ee728b)  -> (artifact id: '7e32d8ed5abf713ae1ad343f87c9333b') in 0.004268 seconds
  Import took 0.007631 seconds .

========================================================================
Received Import Request.
  Time since last request: 72.574323 seconds.
  path: Assets/Sprites/ground.prefab
  artifactKey: Guid(85cb55842d8236a4181186c608525306) Importer(815301076,1909f56bfc062723c751e8b465ee728b)
Start importing Assets/Sprites/ground.prefab using Guid(85cb55842d8236a4181186c608525306) Importer(815301076,1909f56bfc062723c751e8b465ee728b)  -> (artifact id: 'b5fc22f9d023cd818d0b71ead46f081c') in 0.004161 seconds
  Import took 0.008065 seconds .

========================================================================
Received Import Request.
  Time since last request: 9.813511 seconds.
  path: Assets/Sprites/ground.prefab
  artifactKey: Guid(85cb55842d8236a4181186c608525306) Importer(815301076,1909f56bfc062723c751e8b465ee728b)
Start importing Assets/Sprites/ground.prefab using Guid(85cb55842d8236a4181186c608525306) Importer(815301076,1909f56bfc062723c751e8b465ee728b)  -> (artifact id: 'db4c9322ce26b948144aa047cdacdba8') in 0.004813 seconds
  Import took 0.009448 seconds .

========================================================================
Received Import Request.
  Time since last request: 64.339234 seconds.
  path: Assets/Sprites/ground.prefab
  artifactKey: Guid(85cb55842d8236a4181186c608525306) Importer(815301076,1909f56bfc062723c751e8b465ee728b)
Start importing Assets/Sprites/ground.prefab using Guid(85cb55842d8236a4181186c608525306) Importer(815301076,1909f56bfc062723c751e8b465ee728b)  -> (artifact id: '3cb438928eefbd3558a84f15fb7cd001') in 0.005208 seconds
  Import took 0.008867 seconds .

========================================================================
Received Import Request.
  Time since last request: 0.006699 seconds.
  path: Assets/Sprites/ground.prefab
  artifactKey: Guid(85cb55842d8236a4181186c608525306) Importer(815301076,1909f56bfc062723c751e8b465ee728b)
Start importing Assets/Sprites/ground.prefab using Guid(85cb55842d8236a4181186c608525306) Importer(815301076,1909f56bfc062723c751e8b465ee728b)  -> (artifact id: '3cb438928eefbd3558a84f15fb7cd001') in 0.003776 seconds
  Import took 0.007401 seconds .

========================================================================
Received Import Request.
  Time since last request: 85.855314 seconds.
  path: Assets/Sprites/Ground.prefab
  artifactKey: Guid(85cb55842d8236a4181186c608525306) Importer(815301076,1909f56bfc062723c751e8b465ee728b)
Start importing Assets/Sprites/Ground.prefab using Guid(85cb55842d8236a4181186c608525306) Importer(815301076,1909f56bfc062723c751e8b465ee728b)  -> (artifact id: '14139a301f28038270eb6337c34beb22') in 0.007953 seconds
  Import took 0.011137 seconds .

========================================================================
Received Import Request.
  Time since last request: 6.530728 seconds.
  path: Assets/Sprites/Ground.prefab
  artifactKey: Guid(85cb55842d8236a4181186c608525306) Importer(815301076,1909f56bfc062723c751e8b465ee728b)
Start importing Assets/Sprites/Ground.prefab using Guid(85cb55842d8236a4181186c608525306) Importer(815301076,1909f56bfc062723c751e8b465ee728b)  -> (artifact id: 'cfd75a8dcc1da9be13e72aa474093859') in 0.005162 seconds
  Import took 0.008598 seconds .

========================================================================
Received Prepare
Registering precompiled user dll's ...
Registered in 0.000941 seconds.
Begin MonoManager ReloadAssembly
Native extension for WindowsStandalone target not found
Native extension for OSXStandalone target not found
Refreshing native plugins compatible for Editor in 0.32 ms, found 1 plugins.
Preloading 0 native plugins for Editor in 0.00 ms.
Invoked RoslynAnalysisRunner static constructor.
RoslynAnalysisRunner will not be running.
RoslynAnalysisRunner has terminated.
Mono: successfully reloaded assembly
- Completed reload, in  0.845 seconds
Platform modules already initialized, skipping
Refreshing native plugins compatible for Editor in 0.33 ms, found 1 plugins.
Preloading 0 native plugins for Editor in 0.00 ms.
Unloading 1805 Unused Serialized files (Serialized files now loaded: 0)
System memory in use before: 88.1 MB.
System memory in use after: 88.2 MB.

Unloading 8 unused Assets to reduce memory usage. Loaded Objects now: 2410.
Total: 3.244100 ms (FindLiveObjects: 0.260100 ms CreateObjectMapping: 0.108700 ms MarkObjects: 2.851700 ms  DeleteObjects: 0.022400 ms)

AssetImportWorkerClient::OnTransportError - code=2 error=End of file
